{"level":"info","message":"{\"username\":\"+8801618558921\",\"url\":\"/api/userprofile\",\"timestamp\":\"February 26, 2023, 10:35:57 AM\"}","timestamp":"2023-02-26T04:35:57.656Z"}
{"level":"info","message":"{\"username\":\"+8801618558921\",\"url\":\"/api/userprofile\",\"timestamp\":\"February 26, 2023, 10:36:38 AM\"}","timestamp":"2023-02-26T04:36:38.446Z"}
{"level":"info","message":"{\"url\":\"/api/logout\",\"timestamp\":\"February 26, 2023, 10:37:18 AM\"}","timestamp":"2023-02-26T04:37:18.845Z"}
{"level":"info","message":"{\"username\":\"104754286409876865339\",\"url\":\"/api/userprofile\",\"timestamp\":\"February 26, 2023, 6:26:46 PM\"}","timestamp":"2023-02-26T12:26:46.936Z"}
{"level":"info","message":"{\"username\":\"104754286409876865339\",\"url\":\"/api/inapppayment\",\"timestamp\":\"February 26, 2023, 6:27:54 PM\"}","timestamp":"2023-02-26T12:27:54.989Z"}
{"level":"info","message":"{\"username\":\"104754286409876865339\",\"url\":\"/api/userprofile\",\"timestamp\":\"February 26, 2023, 6:28:10 PM\"}","timestamp":"2023-02-26T12:28:10.247Z"}
{"level":"info","message":"{\"username\":\"104754286409876865339\",\"url\":\"/api/inapppayment\",\"timestamp\":\"February 26, 2023, 6:30:24 PM\"}","timestamp":"2023-02-26T12:30:24.377Z"}
{"level":"info","message":"{\"username\":\"104754286409876865339\",\"url\":\"/api/userprofile\",\"timestamp\":\"February 26, 2023, 6:32:22 PM\"}","timestamp":"2023-02-26T12:32:22.168Z"}
{"level":"info","message":"{\"url\":\"/api/logout\",\"timestamp\":\"February 26, 2023, 6:34:25 PM\"}","timestamp":"2023-02-26T12:34:25.678Z"}
{"level":"info","message":"{\"url\":\"/api/inapppayment\",\"timestamp\":\"February 26, 2023, 6:40:00 PM\"}","timestamp":"2023-02-26T12:40:00.069Z"}
{"level":"info","message":"{\"username\":\"104754286409876865339\",\"url\":\"/api/userprofile\",\"timestamp\":\"February 26, 2023, 6:43:12 PM\"}","timestamp":"2023-02-26T12:43:12.324Z"}
{"level":"info","message":"{\"username\":\"104754286409876865339\",\"url\":\"/api/userprofile\",\"timestamp\":\"February 26, 2023, 6:44:47 PM\"}","timestamp":"2023-02-26T12:44:47.267Z"}
{"level":"info","message":"{\"username\":\"104754286409876865339\",\"url\":\"/api/inapppayment\",\"timestamp\":\"February 26, 2023, 6:45:05 PM\"}","timestamp":"2023-02-26T12:45:05.929Z"}
{"level":"info","message":"{\"username\":\"104754286409876865339\",\"url\":\"/api/inapppayment\",\"timestamp\":\"February 26, 2023, 6:46:09 PM\"}","timestamp":"2023-02-26T12:46:09.873Z"}
{"level":"info","message":"{\"username\":\"104754286409876865339\",\"url\":\"/api/userprofile\",\"timestamp\":\"February 26, 2023, 6:46:36 PM\"}","timestamp":"2023-02-26T12:46:36.605Z"}
{"level":"info","message":"{\"username\":\"104754286409876865339\",\"url\":\"/api/inapppayment\",\"timestamp\":\"February 26, 2023, 6:50:23 PM\"}","timestamp":"2023-02-26T12:50:23.354Z"}
{"level":"info","message":"{\"username\":\"104754286409876865339\",\"url\":\"/api/inapppayment\",\"timestamp\":\"February 26, 2023, 6:50:53 PM\"}","timestamp":"2023-02-26T12:50:53.246Z"}
{"level":"info","message":"{\"username\":\"104754286409876865339\",\"url\":\"/api/inapppayment\",\"timestamp\":\"February 26, 2023, 6:53:56 PM\"}","timestamp":"2023-02-26T12:53:56.631Z"}
{"level":"info","message":"{\"username\":\"104754286409876865339\",\"url\":\"/api/inapppayment\",\"timestamp\":\"February 26, 2023, 6:56:03 PM\"}","timestamp":"2023-02-26T12:56:03.211Z"}
{"level":"info","message":"{\"username\":\"104754286409876865339\",\"url\":\"/api/inapppayment\",\"timestamp\":\"February 26, 2023, 6:58:08 PM\"}","timestamp":"2023-02-26T12:58:08.432Z"}
{"level":"info","message":"{\"username\":\"104754286409876865339\",\"url\":\"/api/userprofile\",\"timestamp\":\"February 26, 2023, 6:58:13 PM\"}","timestamp":"2023-02-26T12:58:13.398Z"}
{"level":"info","message":"{\"username\":\"104754286409876865339\",\"url\":\"/api/usercourses\",\"timestamp\":\"February 26, 2023, 6:58:21 PM\"}","timestamp":"2023-02-26T12:58:21.391Z"}
{"level":"info","message":"{\"username\":\"104754286409876865339\",\"url\":\"/api/inapppayment\",\"timestamp\":\"February 26, 2023, 6:59:39 PM\"}","timestamp":"2023-02-26T12:59:39.347Z"}
{"level":"info","message":"{\"username\":\"104754286409876865339\",\"url\":\"/api/userprofile\",\"timestamp\":\"February 26, 2023, 6:59:46 PM\"}","timestamp":"2023-02-26T12:59:46.273Z"}
{"level":"info","message":"{\"username\":\"104754286409876865339\",\"url\":\"/api/usercourses\",\"timestamp\":\"February 26, 2023, 6:59:50 PM\"}","timestamp":"2023-02-26T12:59:50.445Z"}
{"level":"info","message":"{\"url\":\"/api/logout\",\"timestamp\":\"February 26, 2023, 7:00:57 PM\"}","timestamp":"2023-02-26T13:00:57.460Z"}
{"level":"info","message":"{\"username\":\"+8801553804456\",\"url\":\"/api/userprofile\",\"timestamp\":\"February 26, 2023, 7:02:34 PM\"}","timestamp":"2023-02-26T13:02:34.143Z"}
{"level":"info","message":"{\"username\":\"+8801553804456\",\"url\":\"/api/usercourses\",\"timestamp\":\"February 26, 2023, 7:02:37 PM\"}","timestamp":"2023-02-26T13:02:37.551Z"}
{"level":"info","message":"{\"username\":\"+8801553804456\",\"url\":\"/api/inapppayment\",\"timestamp\":\"February 26, 2023, 7:04:15 PM\"}","timestamp":"2023-02-26T13:04:15.877Z"}
{"level":"info","message":"{\"username\":\"+8801553804456\",\"url\":\"/api/userprofile\",\"timestamp\":\"February 26, 2023, 7:04:22 PM\"}","timestamp":"2023-02-26T13:04:22.467Z"}
{"level":"info","message":"{\"username\":\"+8801553804456\",\"url\":\"/api/usercourses\",\"timestamp\":\"February 26, 2023, 7:04:24 PM\"}","timestamp":"2023-02-26T13:04:24.819Z"}
