{"level":"info","message":"{\"username\":\"109616561789660928753\",\"url\":\"/api/userprofile\",\"timestamp\":\"December 21, 2022, 5:09:02 PM\"}","timestamp":"2022-12-21T11:09:02.163Z"}
{"level":"info","message":"{\"username\":\"109616561789660928753\",\"url\":\"/api/userprofile\",\"timestamp\":\"December 21, 2022, 5:09:29 PM\"}","timestamp":"2022-12-21T11:09:29.718Z"}
{"level":"info","message":"{\"url\":\"/api/mobilecertificate?username=hello&fullName=fullName&courseName=courseName&courseID=courseID\",\"timestamp\":\"December 21, 2022, 5:09:40 PM\"}","timestamp":"2022-12-21T11:09:40.927Z"}
{"level":"info","message":"{\"username\":\"+8801679248713\",\"url\":\"/api/userprofile\",\"timestamp\":\"December 21, 2022, 5:12:30 PM\"}","timestamp":"2022-12-21T11:12:30.493Z"}
{"level":"info","message":"{\"username\":\"+8801679248713\",\"url\":\"/api/userprofile\",\"timestamp\":\"December 21, 2022, 5:12:30 PM\"}","timestamp":"2022-12-21T11:12:30.494Z"}
{"level":"info","message":"{\"username\":\"+8801679248713\",\"url\":\"/api/paymenthistory\",\"timestamp\":\"December 21, 2022, 5:12:32 PM\"}","timestamp":"2022-12-21T11:12:32.657Z"}
{"level":"info","message":"{\"username\":\"+8801679248713\",\"url\":\"/api/paymenthistory\",\"timestamp\":\"December 21, 2022, 5:12:32 PM\"}","timestamp":"2022-12-21T11:12:32.667Z"}
{"level":"info","message":"{\"username\":\"109616561789660928753\",\"url\":\"/api/usercourses\",\"timestamp\":\"December 21, 2022, 5:15:26 PM\"}","timestamp":"2022-12-21T11:15:26.727Z"}
{"level":"info","message":"{\"url\":\"/api/mobilecertificate?username=109616561789660928753&courseID=C001&courseName=Fearless%20Belive&courseInstructor=Dr.%20Abul%20Kalam&fullName=Mustafa%20Hamim\",\"timestamp\":\"December 21, 2022, 5:16:49 PM\"}","timestamp":"2022-12-21T11:16:49.942Z"}
{"level":"info","message":"{\"username\":\"109616561789660928753\",\"url\":\"/api/userprofile\",\"timestamp\":\"December 21, 2022, 5:19:09 PM\"}","timestamp":"2022-12-21T11:19:09.204Z"}
{"level":"info","message":"{\"username\":\"109616561789660928753\",\"url\":\"/api/usercourses\",\"timestamp\":\"December 21, 2022, 5:19:17 PM\"}","timestamp":"2022-12-21T11:19:17.693Z"}
{"level":"info","message":"{\"url\":\"/api/mobilecertificate?username=109616561789660928753&courseID=C001&courseName=Fearless%20Belive&courseInstructor=Dr.%20Abul%20Kalam&fullName=Mustafa%20Hamim\",\"timestamp\":\"December 21, 2022, 5:20:12 PM\"}","timestamp":"2022-12-21T11:20:12.507Z"}
{"level":"info","message":"{\"username\":\"109616561789660928753\",\"url\":\"/api/userprofile\",\"timestamp\":\"December 21, 2022, 5:36:46 PM\"}","timestamp":"2022-12-21T11:36:46.036Z"}
{"level":"info","message":"{\"username\":\"109616561789660928753\",\"url\":\"/api/usercourses\",\"timestamp\":\"December 21, 2022, 5:41:21 PM\"}","timestamp":"2022-12-21T11:41:21.163Z"}
{"level":"info","message":"{\"username\":\"+8801679248713\",\"url\":\"/api/userprofile\",\"timestamp\":\"December 21, 2022, 5:49:54 PM\"}","timestamp":"2022-12-21T11:49:54.857Z"}
{"level":"info","message":"{\"username\":\"109616561789660928753\",\"url\":\"/api/usercourses\",\"timestamp\":\"December 21, 2022, 5:50:11 PM\"}","timestamp":"2022-12-21T11:50:11.486Z"}
{"level":"info","message":"{\"username\":\"109616561789660928753\",\"url\":\"/api/usercourses\",\"timestamp\":\"December 21, 2022, 5:51:12 PM\"}","timestamp":"2022-12-21T11:51:12.348Z"}
{"level":"info","message":"{\"username\":\"+8801679248713\",\"url\":\"/api/userprofile\",\"timestamp\":\"December 21, 2022, 5:51:21 PM\"}","timestamp":"2022-12-21T11:51:21.704Z"}
{"level":"info","message":"{\"username\":\"+8801679248713\",\"url\":\"/api/userprofile\",\"timestamp\":\"December 21, 2022, 5:52:25 PM\"}","timestamp":"2022-12-21T11:52:25.190Z"}
{"level":"info","message":"{\"username\":\"+8801679248713\",\"url\":\"/api/userprofile\",\"timestamp\":\"December 21, 2022, 5:52:35 PM\"}","timestamp":"2022-12-21T11:52:35.574Z"}
{"level":"info","message":"{\"username\":\"+8801679248713\",\"url\":\"/api/userprofile\",\"timestamp\":\"December 21, 2022, 5:52:41 PM\"}","timestamp":"2022-12-21T11:52:41.422Z"}
{"level":"info","message":"{\"username\":\"+8801679248713\",\"url\":\"/api/userprofile\",\"timestamp\":\"December 21, 2022, 5:56:08 PM\"}","timestamp":"2022-12-21T11:56:08.650Z"}
{"level":"info","message":"{\"username\":\"109616561789660928753\",\"url\":\"/api/userprofile\",\"timestamp\":\"December 21, 2022, 5:56:24 PM\"}","timestamp":"2022-12-21T11:56:24.252Z"}
{"level":"info","message":"{\"username\":\"109616561789660928753\",\"url\":\"/api/usercourses\",\"timestamp\":\"December 21, 2022, 5:56:35 PM\"}","timestamp":"2022-12-21T11:56:35.436Z"}
{"level":"info","message":"{\"username\":\"+8801679248713\",\"url\":\"/api/userprofile\",\"timestamp\":\"December 21, 2022, 5:57:03 PM\"}","timestamp":"2022-12-21T11:57:03.600Z"}
{"level":"info","message":"{\"username\":\"+8801679248713\",\"url\":\"/api/userprofile\",\"timestamp\":\"December 21, 2022, 5:57:29 PM\"}","timestamp":"2022-12-21T11:57:29.032Z"}
{"level":"info","message":"{\"username\":\"+8801679248713\",\"url\":\"/api/userprofile\",\"timestamp\":\"December 21, 2022, 5:57:37 PM\"}","timestamp":"2022-12-21T11:57:37.174Z"}
{"level":"info","message":"{\"username\":\"+8801679248713\",\"url\":\"/api/userprofile\",\"timestamp\":\"December 21, 2022, 5:57:52 PM\"}","timestamp":"2022-12-21T11:57:52.846Z"}
{"level":"info","message":"{\"url\":\"/api/mobilecertificate?request=Yh0jnkBCjd29WlXggqRSQISSoBAiYX3rZ1mMKyjQgVHtYEjwp2Q2xtkDyfvKDsf1sfa4G194pozseg82nT3n0i1m3ppSqfmdzMj6+T76reWhfrp61za0YbcdeVwDwkuENGEqXVMaO5NjxLahhdPv4ZGWHVvvERTPd5WSsxXNDRssFYTa87Vz6Cal36aUSsbxj8O/oBcWHJPqQd1iFFIiVA==&passphase=31353833323838363939323438313131\",\"timestamp\":\"December 21, 2022, 6:12:54 PM\"}","timestamp":"2022-12-21T12:12:54.056Z"}
{"level":"info","message":"{\"url\":\"/api/mobilecertificate?request=Yh0jnkBCjd29WlXggqRSQISSoBAiYX3rZ1mMKyjQgVHtYEjwp2Q2xtkDyfvKDsf1sfa4G194pozseg82nT3n0i1m3ppSqfmdzMj6+T76reWhfrp61za0YbcdeVwDwkuENGEqXVMaO5NjxLahhdPv4ZGWHVvvERTPd5WSsxXNDRssFYTa87Vz6Cal36aUSsbxj8O/oBcWHJPqQd1iFFIiVA==&&courseID=31353833323838363939323438313131\",\"timestamp\":\"December 21, 2022, 6:13:09 PM\"}","timestamp":"2022-12-21T12:13:09.242Z"}
{"level":"info","message":"{\"url\":\"/api/mobilecertificate?request=Yh0jnkBCjd29WlXggqRSQISSoBAiYX3rZ1mMKyjQgVHtYEjwp2Q2xtkDyfvKDsf1sfa4G194pozseg82nT3n0i1m3ppSqfmdzMj6+T76reWhfrp61za0YbcdeVwDwkuENGEqXVMaO5NjxLahhdPv4ZGWHVvvERTPd5WSsxXNDRssFYTa87Vz6Cal36aUSsbxj8O/oBcWHJPqQd1iFFIiVA==&&courseID=31353833323838363939323438313131\",\"timestamp\":\"December 21, 2022, 6:13:10 PM\"}","timestamp":"2022-12-21T12:13:10.189Z"}
{"level":"info","message":"{\"url\":\"/api/mobilecertificate?request=Yh0jnkBCjd29WlXggqRSQISSoBAiYX3rZ1mMKyjQgVHtYEjwp2Q2xtkDyfvKDsf1sfa4G194pozseg82nT3n0i1m3ppSqfmdzMj6+T76reWhfrp61za0YbcdeVwDwkuENGEqXVMaO5NjxLahhdPv4ZGWHVvvERTPd5WSsxXNDRssFYTa87Vz6Cal36aUSsbxj8O/oBcWHJPqQd1iFFIiVA==&passphase=31353833323838363939323438313131\",\"timestamp\":\"December 21, 2022, 6:14:42 PM\"}","timestamp":"2022-12-21T12:14:42.022Z"}
{"level":"info","message":"{\"url\":\"/api/mobilecertificate?request=Yh0jnkBCjd29WlXggqRSQISSoBAiYX3rZ1mMKyjQgVHtYEjwp2Q2xtkDyfvKDsf1sfa4G194pozseg82nT3n0i1m3ppSqfmdzMj6+T76reWhfrp61za0YbcdeVwDwkuENGEqXVMaO5NjxLahhdPv4ZGWHVvvERTPd5WSsxXNDRssFYTa87Vz6Cal36aUSsbxj8O/oBcWHJPqQd1iFFIiVA==&passphase=31353833323838363939323438313131\",\"timestamp\":\"December 21, 2022, 6:14:52 PM\"}","timestamp":"2022-12-21T12:14:52.930Z"}
{"level":"info","message":"{\"url\":\"/api/mobilecertificate?request=Yh0jnkBCjd29WlXggqRSQISSoBAiYX3rZ1mMKyjQgVHtYEjwp2Q2xtkDyfvKDsf1sfa4G194pozseg82nT3n0i1m3ppSqfmdzMj6+T76reWhfrp61za0YbcdeVwDwkuENGEqXVMaO5NjxLahhdPv4ZGWHVvvERTPd5WSsxXNDRssFYTa87Vz6Cal36aUSsbxj8O/oBcWHJPqQd1iFFIiVA==&passphase=31353833323838363939323438313131\",\"timestamp\":\"December 21, 2022, 6:15:23 PM\"}","timestamp":"2022-12-21T12:15:23.520Z"}
{"level":"info","message":"{\"username\":\"+8801679248713\",\"url\":\"/api/userprofile\",\"timestamp\":\"December 21, 2022, 6:18:22 PM\"}","timestamp":"2022-12-21T12:18:22.503Z"}
{"level":"info","message":"{\"url\":\"/api/logout\",\"timestamp\":\"December 21, 2022, 6:21:21 PM\"}","timestamp":"2022-12-21T12:21:21.429Z"}
{"level":"info","message":"{\"username\":\"109616561789660928753\",\"url\":\"/api/userprofile\",\"timestamp\":\"December 21, 2022, 6:41:42 PM\"}","timestamp":"2022-12-21T12:41:42.350Z"}
{"level":"info","message":"{\"username\":\"109616561789660928753\",\"url\":\"/api/updateuserprofile\",\"timestamp\":\"December 21, 2022, 6:42:02 PM\"}","timestamp":"2022-12-21T12:42:02.974Z"}
{"level":"info","message":"{\"username\":\"109616561789660928753\",\"url\":\"/api/mobilepaymentdata\",\"timestamp\":\"December 21, 2022, 6:42:03 PM\"}","timestamp":"2022-12-21T12:42:03.809Z"}
{"level":"info","message":"{\"username\":\"109616561789660928753\",\"url\":\"/api/userprofile\",\"timestamp\":\"December 21, 2022, 6:42:24 PM\"}","timestamp":"2022-12-21T12:42:24.593Z"}
{"level":"info","message":"{\"username\":\"109616561789660928753\",\"url\":\"/api/paymenthistory\",\"timestamp\":\"December 21, 2022, 6:42:33 PM\"}","timestamp":"2022-12-21T12:42:33.141Z"}
{"level":"info","message":"{\"username\":\"109616561789660928753\",\"url\":\"/api/userprofile\",\"timestamp\":\"December 21, 2022, 6:48:03 PM\"}","timestamp":"2022-12-21T12:48:03.713Z"}
{"level":"info","message":"{\"username\":\"109616561789660928753\",\"url\":\"/api/usercourses\",\"timestamp\":\"December 21, 2022, 6:48:09 PM\"}","timestamp":"2022-12-21T12:48:09.727Z"}
{"level":"info","message":"{\"username\":\"109616561789660928753\",\"url\":\"/api/updateuserprofile\",\"timestamp\":\"December 21, 2022, 6:48:36 PM\"}","timestamp":"2022-12-21T12:48:36.472Z"}
{"level":"info","message":"{\"username\":\"109616561789660928753\",\"url\":\"/api/mobilepaymentdata\",\"timestamp\":\"December 21, 2022, 6:48:37 PM\"}","timestamp":"2022-12-21T12:48:37.345Z"}
{"level":"info","message":"{\"username\":\"109616561789660928753\",\"url\":\"/api/userprofile\",\"timestamp\":\"December 21, 2022, 6:48:48 PM\"}","timestamp":"2022-12-21T12:48:48.775Z"}
{"level":"info","message":"{\"username\":\"109616561789660928753\",\"url\":\"/api/paymenthistory\",\"timestamp\":\"December 21, 2022, 6:48:52 PM\"}","timestamp":"2022-12-21T12:48:52.707Z"}
{"level":"info","message":"{\"username\":\"109616561789660928753\",\"url\":\"/api/userprofile\",\"timestamp\":\"December 21, 2022, 6:53:09 PM\"}","timestamp":"2022-12-21T12:53:09.908Z"}
{"level":"info","message":"{\"username\":\"109616561789660928753\",\"url\":\"/api/updateuserprofile\",\"timestamp\":\"December 21, 2022, 6:53:47 PM\"}","timestamp":"2022-12-21T12:53:47.347Z"}
{"level":"info","message":"{\"username\":\"109616561789660928753\",\"url\":\"/api/mobilepaymentdata\",\"timestamp\":\"December 21, 2022, 6:53:48 PM\"}","timestamp":"2022-12-21T12:53:48.180Z"}
{"level":"info","message":"{\"username\":\"109616561789660928753\",\"url\":\"/api/updateuserprofile\",\"timestamp\":\"December 21, 2022, 6:54:02 PM\"}","timestamp":"2022-12-21T12:54:02.553Z"}
{"level":"info","message":"{\"username\":\"109616561789660928753\",\"url\":\"/api/mobilepaymentdata\",\"timestamp\":\"December 21, 2022, 6:54:03 PM\"}","timestamp":"2022-12-21T12:54:03.364Z"}
{"level":"info","message":"{\"username\":\"109616561789660928753\",\"url\":\"/api/userprofile\",\"timestamp\":\"December 21, 2022, 6:54:20 PM\"}","timestamp":"2022-12-21T12:54:20.345Z"}
{"level":"info","message":"{\"username\":\"109616561789660928753\",\"url\":\"/api/updateuserprofile\",\"timestamp\":\"December 21, 2022, 6:54:28 PM\"}","timestamp":"2022-12-21T12:54:28.489Z"}
{"level":"info","message":"{\"username\":\"109616561789660928753\",\"url\":\"/api/mobilepaymentdata\",\"timestamp\":\"December 21, 2022, 6:54:29 PM\"}","timestamp":"2022-12-21T12:54:29.302Z"}
{"level":"info","message":"{\"username\":\"109616561789660928753\",\"url\":\"/api/userprofile\",\"timestamp\":\"December 21, 2022, 6:55:04 PM\"}","timestamp":"2022-12-21T12:55:04.234Z"}
{"level":"info","message":"{\"username\":\"109616561789660928753\",\"url\":\"/api/updateuserprofile\",\"timestamp\":\"December 21, 2022, 6:55:11 PM\"}","timestamp":"2022-12-21T12:55:11.342Z"}
{"level":"info","message":"{\"username\":\"109616561789660928753\",\"url\":\"/api/mobilepaymentdata\",\"timestamp\":\"December 21, 2022, 6:55:12 PM\"}","timestamp":"2022-12-21T12:55:12.347Z"}
{"level":"info","message":"{\"username\":\"109616561789660928753\",\"url\":\"/api/updateuserprofile\",\"timestamp\":\"December 21, 2022, 6:55:22 PM\"}","timestamp":"2022-12-21T12:55:22.563Z"}
{"level":"info","message":"{\"username\":\"109616561789660928753\",\"url\":\"/api/mobilepaymentdata\",\"timestamp\":\"December 21, 2022, 6:55:23 PM\"}","timestamp":"2022-12-21T12:55:23.377Z"}
{"level":"info","message":"{\"username\":\"109616561789660928753\",\"url\":\"/api/updateuserprofile\",\"timestamp\":\"December 21, 2022, 6:55:43 PM\"}","timestamp":"2022-12-21T12:55:43.107Z"}
{"level":"info","message":"{\"username\":\"109616561789660928753\",\"url\":\"/api/mobilepaymentdata\",\"timestamp\":\"December 21, 2022, 6:55:43 PM\"}","timestamp":"2022-12-21T12:55:43.986Z"}
{"level":"info","message":"{\"username\":\"109616561789660928753\",\"url\":\"/api/userprofile\",\"timestamp\":\"December 21, 2022, 6:55:55 PM\"}","timestamp":"2022-12-21T12:55:55.438Z"}
{"level":"info","message":"{\"username\":\"109616561789660928753\",\"url\":\"/api/updateuserprofile\",\"timestamp\":\"December 21, 2022, 6:56:06 PM\"}","timestamp":"2022-12-21T12:56:06.306Z"}
{"level":"info","message":"{\"username\":\"109616561789660928753\",\"url\":\"/api/mobilepaymentdata\",\"timestamp\":\"December 21, 2022, 6:56:07 PM\"}","timestamp":"2022-12-21T12:56:07.126Z"}
{"level":"info","message":"{\"username\":\"109616561789660928753\",\"url\":\"/api/userprofile\",\"timestamp\":\"December 21, 2022, 6:56:58 PM\"}","timestamp":"2022-12-21T12:56:58.603Z"}
{"level":"info","message":"{\"username\":\"109616561789660928753\",\"url\":\"/api/updateuserprofile\",\"timestamp\":\"December 21, 2022, 6:57:10 PM\"}","timestamp":"2022-12-21T12:57:10.522Z"}
{"level":"info","message":"{\"username\":\"109616561789660928753\",\"url\":\"/api/mobilepaymentdata\",\"timestamp\":\"December 21, 2022, 6:57:11 PM\"}","timestamp":"2022-12-21T12:57:11.268Z"}
{"level":"info","message":"{\"username\":\"109616561789660928753\",\"url\":\"/api/userprofile\",\"timestamp\":\"December 21, 2022, 6:57:52 PM\"}","timestamp":"2022-12-21T12:57:52.546Z"}
{"level":"info","message":"{\"username\":\"109616561789660928753\",\"url\":\"/api/updateuserprofile\",\"timestamp\":\"December 21, 2022, 6:58:05 PM\"}","timestamp":"2022-12-21T12:58:05.660Z"}
{"level":"info","message":"{\"username\":\"109616561789660928753\",\"url\":\"/api/mobilepaymentdata\",\"timestamp\":\"December 21, 2022, 6:58:06 PM\"}","timestamp":"2022-12-21T12:58:06.513Z"}
{"level":"info","message":"{\"username\":\"109616561789660928753\",\"url\":\"/api/userprofile\",\"timestamp\":\"December 21, 2022, 6:58:50 PM\"}","timestamp":"2022-12-21T12:58:50.876Z"}
{"level":"info","message":"{\"username\":\"109616561789660928753\",\"url\":\"/api/updateuserprofile\",\"timestamp\":\"December 21, 2022, 6:58:57 PM\"}","timestamp":"2022-12-21T12:58:57.066Z"}
{"level":"info","message":"{\"username\":\"109616561789660928753\",\"url\":\"/api/mobilepaymentdata\",\"timestamp\":\"December 21, 2022, 6:58:57 PM\"}","timestamp":"2022-12-21T12:58:57.929Z"}
{"level":"info","message":"{\"url\":\"/api/logout\",\"timestamp\":\"December 21, 2022, 6:59:21 PM\"}","timestamp":"2022-12-21T12:59:21.245Z"}
{"level":"info","message":"{\"username\":\"109616561789660928753\",\"url\":\"/api/userprofile\",\"timestamp\":\"December 21, 2022, 6:59:29 PM\"}","timestamp":"2022-12-21T12:59:29.158Z"}
{"level":"info","message":"{\"username\":\"109616561789660928753\",\"url\":\"/api/updateuserprofile\",\"timestamp\":\"December 21, 2022, 6:59:38 PM\"}","timestamp":"2022-12-21T12:59:38.730Z"}
{"level":"info","message":"{\"username\":\"109616561789660928753\",\"url\":\"/api/mobilepaymentdata\",\"timestamp\":\"December 21, 2022, 6:59:39 PM\"}","timestamp":"2022-12-21T12:59:39.612Z"}
{"level":"info","message":"{\"username\":\"109616561789660928753\",\"url\":\"/api/updateuserprofile\",\"timestamp\":\"December 21, 2022, 6:59:51 PM\"}","timestamp":"2022-12-21T12:59:51.651Z"}
{"level":"info","message":"{\"username\":\"109616561789660928753\",\"url\":\"/api/mobilepaymentdata\",\"timestamp\":\"December 21, 2022, 6:59:52 PM\"}","timestamp":"2022-12-21T12:59:52.404Z"}
{"level":"info","message":"{\"username\":\"109616561789660928753\",\"url\":\"/api/updateuserprofile\",\"timestamp\":\"December 21, 2022, 7:01:54 PM\"}","timestamp":"2022-12-21T13:01:54.272Z"}
{"level":"info","message":"{\"username\":\"109616561789660928753\",\"url\":\"/api/mobilepaymentdata\",\"timestamp\":\"December 21, 2022, 7:01:55 PM\"}","timestamp":"2022-12-21T13:01:55.603Z"}
{"level":"info","message":"{\"username\":\"109616561789660928753\",\"url\":\"/api/userprofile\",\"timestamp\":\"December 21, 2022, 7:03:02 PM\"}","timestamp":"2022-12-21T13:03:02.467Z"}
{"level":"info","message":"{\"username\":\"109616561789660928753\",\"url\":\"/api/updateuserprofile\",\"timestamp\":\"December 21, 2022, 7:03:09 PM\"}","timestamp":"2022-12-21T13:03:09.940Z"}
{"level":"info","message":"{\"username\":\"109616561789660928753\",\"url\":\"/api/mobilepaymentdata\",\"timestamp\":\"December 21, 2022, 7:03:10 PM\"}","timestamp":"2022-12-21T13:03:10.758Z"}
{"level":"info","message":"{\"username\":\"109616561789660928753\",\"url\":\"/api/userprofile\",\"timestamp\":\"December 21, 2022, 7:03:32 PM\"}","timestamp":"2022-12-21T13:03:32.439Z"}
{"level":"info","message":"{\"username\":\"109616561789660928753\",\"url\":\"/api/updateuserprofile\",\"timestamp\":\"December 21, 2022, 7:03:49 PM\"}","timestamp":"2022-12-21T13:03:49.597Z"}
{"level":"info","message":"{\"username\":\"109616561789660928753\",\"url\":\"/api/mobilepaymentdata\",\"timestamp\":\"December 21, 2022, 7:03:50 PM\"}","timestamp":"2022-12-21T13:03:50.497Z"}
{"level":"info","message":"{\"username\":\"109616561789660928753\",\"url\":\"/api/userprofile\",\"timestamp\":\"December 21, 2022, 7:04:26 PM\"}","timestamp":"2022-12-21T13:04:26.835Z"}
{"level":"info","message":"{\"username\":\"109616561789660928753\",\"url\":\"/api/updateuserprofile\",\"timestamp\":\"December 21, 2022, 7:04:37 PM\"}","timestamp":"2022-12-21T13:04:37.058Z"}
{"level":"info","message":"{\"username\":\"109616561789660928753\",\"url\":\"/api/mobilepaymentdata\",\"timestamp\":\"December 21, 2022, 7:04:37 PM\"}","timestamp":"2022-12-21T13:04:37.901Z"}
{"level":"info","message":"{\"username\":\"109616561789660928753\",\"url\":\"/api/updateuserprofile\",\"timestamp\":\"December 21, 2022, 7:05:50 PM\"}","timestamp":"2022-12-21T13:05:50.742Z"}
{"level":"info","message":"{\"username\":\"109616561789660928753\",\"url\":\"/api/mobilepaymentdata\",\"timestamp\":\"December 21, 2022, 7:05:51 PM\"}","timestamp":"2022-12-21T13:05:51.476Z"}
{"level":"info","message":"{\"username\":\"109616561789660928753\",\"url\":\"/api/updateuserprofile\",\"timestamp\":\"December 21, 2022, 7:10:28 PM\"}","timestamp":"2022-12-21T13:10:28.505Z"}
{"level":"info","message":"{\"username\":\"109616561789660928753\",\"url\":\"/api/mobilepaymentdata\",\"timestamp\":\"December 21, 2022, 7:10:29 PM\"}","timestamp":"2022-12-21T13:10:29.564Z"}
{"level":"info","message":"{\"username\":\"109616561789660928753\",\"url\":\"/api/updateuserprofile\",\"timestamp\":\"December 21, 2022, 7:19:02 PM\"}","timestamp":"2022-12-21T13:19:02.323Z"}
{"level":"info","message":"{\"username\":\"109616561789660928753\",\"url\":\"/api/mobilepaymentdata\",\"timestamp\":\"December 21, 2022, 7:19:03 PM\"}","timestamp":"2022-12-21T13:19:03.182Z"}
{"level":"info","message":"{\"username\":\"109616561789660928753\",\"url\":\"/api/userprofile\",\"timestamp\":\"December 22, 2022, 11:15:41 AM\"}","timestamp":"2022-12-22T05:15:41.107Z"}
{"level":"info","message":"{\"username\":\"109616561789660928753\",\"url\":\"/api/usercourses\",\"timestamp\":\"December 22, 2022, 11:15:45 AM\"}","timestamp":"2022-12-22T05:15:45.609Z"}
{"level":"info","message":"{\"url\":\"/api/mobilecertificate?request=Yh0jnkBCjd29WlXggqRSQISSoBAiYX3rZ1mMKyjQgVHtYEjwp2Q2xtkDyfvKDsf1sfa4G194pozseg82nT3n0i1m3ppSqfmdzMj6+T76reWhfrp61za0YbcdeVwDwkuENGEqXVMaO5NjxLahhdPv4ZGWHVvvERTPd5WSsxXNDRssFYTa87Vz6Cal36aUSsbxj8O/oBcWHJPqQd1iFFIiVA==&passphase=31353833323838363939323438313131\",\"timestamp\":\"December 22, 2022, 11:15:50 AM\"}","timestamp":"2022-12-22T05:15:50.384Z"}
{"level":"info","message":"{\"url\":\"/api/mobilecertificate?request=Yh0jnkBCjd29WlXggqRSQISSoBAiYX3rZ1mMKyjQgVHtYEjwp2Q2xtkDyfvKDsf1sfa4G194pozseg82nT3n0i1m3ppSqfmdzMj6+T76reWhfrp61za0YbcdeVwDwkuENGEqXVMaO5NjxLahhdPv4ZGWHVvvERTPd5WSsxXNDRssFYTa87Vz6Cal36aUSsbxj8O/oBcWHJPqQd1iFFIiVA==&passphase=31353833323838363939323438313131\",\"timestamp\":\"December 22, 2022, 11:16:02 AM\"}","timestamp":"2022-12-22T05:16:02.114Z"}
{"level":"info","message":"{\"url\":\"/api/mobilecertificate?request=Yh0jnkBCjd29WlXggqRSQISSoBAiYX3rZ1mMKyjQgVHtYEjwp2Q2xtkDyfvKDsf1sfa4G194pozseg82nT3n0i1m3ppSqfmdzMj6+T76reWhfrp61za0YbcdeVwDwkuENGEqXVMaO5NjxLahhdPv4ZGWHVvvERTPd5WSsxXNDRssFYTa87Vz6Cal36aUSsbxj8O/oBcWHJPqQd1iFFIiVA==&passphase=31353833323838363939323438313131\",\"timestamp\":\"December 22, 2022, 11:16:08 AM\"}","timestamp":"2022-12-22T05:16:08.837Z"}
{"level":"info","message":"{\"url\":\"/api/mobilecertificate?request=Yh0jnkBCjd29WlXggqRSQISSoBAiYX3rZ1mMKyjQgVHtYEjwp2Q2xtkDyfvKDsf1sfa4G194pozseg82nT3n0i1m3ppSqfmdzMj6+T76reWhfrp61za0YbcdeVwDwkuENGEqXVMaO5NjxLahhdPv4ZGWHVvvERTPd5WSsxXNDRssFYTa87Vz6Cal36aUSsbxj8O/oBcWHJPqQd1iFFIiVA==&passphase=31353833323838363939323438313131\",\"timestamp\":\"December 22, 2022, 11:16:14 AM\"}","timestamp":"2022-12-22T05:16:14.113Z"}
{"level":"info","message":"{\"url\":\"/api/mobilecertificate?request=Yh0jnkBCjd29WlXggqRSQISSoBAiYX3rZ1mMKyjQgVHtYEjwp2Q2xtkDyfvKDsf1sfa4G194pozseg82nT3n0i1m3ppSqfmdzMj6+T76reWhfrp61za0YbcdeVwDwkuENGEqXVMaO5NjxLahhdPv4ZGWHVvvERTPd5WSsxXNDRssFYTa87Vz6Cal36aUSsbxj8O/oBcWHJPqQd1iFFIiVA==&passphase=31353833323838363939323438313131\",\"timestamp\":\"December 22, 2022, 11:16:20 AM\"}","timestamp":"2022-12-22T05:16:20.124Z"}
{"level":"info","message":"{\"url\":\"/api/mobilecertificate?request=Yh0jnkBCjd29WlXggqRSQISSoBAiYX3rZ1mMKyjQgVHtYEjwp2Q2xtkDyfvKDsf1sfa4G194pozseg82nT3n0i1m3ppSqfmdzMj6+T76reWhfrp61za0YbcdeVwDwkuENGEqXVMaO5NjxLahhdPv4ZGWHVvvERTPd5WSsxXNDRssFYTa87Vz6Cal36aUSsbxj8O/oBcWHJPqQd1iFFIiVA==&passphase=31353833323838363939323438313131\",\"timestamp\":\"December 22, 2022, 11:16:26 AM\"}","timestamp":"2022-12-22T05:16:26.078Z"}
{"level":"info","message":"{\"url\":\"/api/mobilecertificate?request=Yh0jnkBCjd29WlXggqRSQISSoBAiYX3rZ1mMKyjQgVHtYEjwp2Q2xtkDyfvKDsf1sfa4G194pozseg82nT3n0i1m3ppSqfmdzMj6+T76reWhfrp61za0YbcdeVwDwkuENGEqXVMaO5NjxLahhdPv4ZGWHVvvERTPd5WSsxXNDRssFYTa87Vz6Cal36aUSsbxj8O/oBcWHJPqQd1iFFIiVA==&passphase=31353833323838363939323438313131\",\"timestamp\":\"December 22, 2022, 11:16:31 AM\"}","timestamp":"2022-12-22T05:16:31.082Z"}
{"level":"info","message":"{\"url\":\"/api/mobilecertificate?request=Yh0jnkBCjd29WlXggqRSQISSoBAiYX3rZ1mMKyjQgVHtYEjwp2Q2xtkDyfvKDsf1sfa4G194pozseg82nT3n0i1m3ppSqfmdzMj6+T76reWhfrp61za0YbcdeVwDwkuENGEqXVMaO5NjxLahhdPv4ZGWHVvvERTPd5WSsxXNDRssFYTa87Vz6Cal36aUSsbxj8O/oBcWHJPqQd1iFFIiVA==&passphase=31353833323838363939323438313131\",\"timestamp\":\"December 22, 2022, 11:16:56 AM\"}","timestamp":"2022-12-22T05:16:56.951Z"}
{"level":"info","message":"{\"url\":\"/api/mobilecertificate?request=Yh0jnkBCjd29WlXggqRSQISSoBAiYX3rZ1mMKyjQgVHtYEjwp2Q2xtkDyfvKDsf1sfa4G194pozseg82nT3n0i1m3ppSqfmdzMj6+T76reWhfrp61za0YbcdeVwDwkuENGEqXVMaO5NjxLahhdPv4ZGWHVvvERTPd5WSsxXNDRssFYTa87Vz6Cal36aUSsbxj8O/oBcWHJPqQd1iFFIiVA==&passphase=31353833323838363939323438313131\",\"timestamp\":\"December 22, 2022, 11:17:51 AM\"}","timestamp":"2022-12-22T05:17:51.230Z"}
{"level":"info","message":"{\"url\":\"/api/mobilecertificate?request=Yh0jnkBCjd29WlXggqRSQISSoBAiYX3rZ1mMKyjQgVHtYEjwp2Q2xtkDyfvKDsf1sfa4G194pozseg82nT3n0i1m3ppSqfmdzMj6+T76reWhfrp61za0YbcdeVwDwkuENGEqXVMaO5NjxLahhdPv4ZGWHVvvERTPd5WSsxXNDRssFYTa87Vz6Cal36aUSsbxj8O/oBcWHJPqQd1iFFIiVA==&passphase=31353833323838363939323438313131\",\"timestamp\":\"December 22, 2022, 11:17:57 AM\"}","timestamp":"2022-12-22T05:17:57.195Z"}
{"level":"info","message":"{\"url\":\"/api/mobilecertificate?request=Yh0jnkBCjd29WlXggqRSQISSoBAiYX3rZ1mMKyjQgVHtYEjwp2Q2xtkDyfvKDsf1sfa4G194pozseg82nT3n0i1m3ppSqfmdzMj6+T76reWhfrp61za0YbcdeVwDwkuENGEqXVMaO5NjxLahhdPv4ZGWHVvvERTPd5WSsxXNDRssFYTa87Vz6Cal36aUSsbxj8O/oBcWHJPqQd1iFFIiVA==&passphase=31353833323838363939323438313131\",\"timestamp\":\"December 22, 2022, 11:18:01 AM\"}","timestamp":"2022-12-22T05:18:01.365Z"}
{"level":"info","message":"{\"username\":\"+8801679248713\",\"url\":\"/api/userprofile\",\"timestamp\":\"December 22, 2022, 11:47:36 AM\"}","timestamp":"2022-12-22T05:47:36.229Z"}
{"level":"info","message":"{\"username\":\"109616561789660928753\",\"url\":\"/api/userprofile\",\"timestamp\":\"December 22, 2022, 11:48:39 AM\"}","timestamp":"2022-12-22T05:48:39.674Z"}
{"level":"info","message":"{\"username\":\"109616561789660928753\",\"url\":\"/api/usercourses\",\"timestamp\":\"December 22, 2022, 11:48:44 AM\"}","timestamp":"2022-12-22T05:48:44.378Z"}
{"level":"info","message":"{\"username\":\"109616561789660928753\",\"url\":\"/api/userprofile\",\"timestamp\":\"December 22, 2022, 11:53:36 AM\"}","timestamp":"2022-12-22T05:53:36.866Z"}
{"level":"info","message":"{\"username\":\"109616561789660928753\",\"url\":\"/api/usercourses\",\"timestamp\":\"December 22, 2022, 11:53:43 AM\"}","timestamp":"2022-12-22T05:53:43.052Z"}
{"level":"info","message":"{\"url\":\"/api/mobilecertificate?request=Yh0jnkBCjd29WlXggqRSQISSoBAiYX3rZ1mMKyjQgVHtYEjwp2Q2xtkDyfvKDsf1sfa4G194pozseg82nT3n0i1m3ppSqfmdzMj6+T76reWhfrp61za0YbcdeVwDwkuENGEqXVMaO5NjxLahhdPv4ZGWHVvvERTPd5WSsxXNDRssFYTa87Vz6Cal36aUSsbxj8O/oBcWHJPqQd1iFFIiVA==&passphase=31353833323838363939323438313131\",\"timestamp\":\"December 22, 2022, 11:53:51 AM\"}","timestamp":"2022-12-22T05:53:51.889Z"}
{"level":"info","message":"{\"url\":\"/api/mobilecertificate?request=Yh0jnkBCjd29WlXggqRSQISSoBAiYX3rZ1mMKyjQgVHtYEjwp2Q2xtkDyfvKDsf1sfa4G194pozseg82nT3n0i1m3ppSqfmdzMj6+T76reWhfrp61za0YbcdeVwDwkuENGEqXVMaO5NjxLahhdPv4ZGWHVvvERTPd5WSsxXNDRssFYTa87Vz6Cal36aUSsbxj8O/oBcWHJPqQd1iFFIiVA==&passphase=31353833323838363939323438313131\",\"timestamp\":\"December 22, 2022, 11:53:52 AM\"}","timestamp":"2022-12-22T05:53:52.591Z"}
{"level":"info","message":"{\"username\":\"109616561789660928753\",\"url\":\"/api/userprofile\",\"timestamp\":\"December 22, 2022, 11:56:44 AM\"}","timestamp":"2022-12-22T05:56:44.985Z"}
{"level":"info","message":"{\"username\":\"109616561789660928753\",\"url\":\"/api/usercourses\",\"timestamp\":\"December 22, 2022, 11:56:58 AM\"}","timestamp":"2022-12-22T05:56:58.108Z"}
{"level":"info","message":"{\"username\":\"+8801679248713\",\"url\":\"/api/userprofile\",\"timestamp\":\"December 22, 2022, 11:56:59 AM\"}","timestamp":"2022-12-22T05:56:59.442Z"}
{"level":"info","message":"{\"username\":\"+8801679248713\",\"url\":\"/api/userprofile\",\"timestamp\":\"December 22, 2022, 11:57:22 AM\"}","timestamp":"2022-12-22T05:57:22.698Z"}
{"level":"info","message":"{\"username\":\"+8801679248713\",\"url\":\"/api/userprofile\",\"timestamp\":\"December 22, 2022, 11:57:44 AM\"}","timestamp":"2022-12-22T05:57:44.941Z"}
{"level":"info","message":"{\"username\":\"+8801679248713\",\"url\":\"/api/userprofile\",\"timestamp\":\"December 22, 2022, 11:58:00 AM\"}","timestamp":"2022-12-22T05:58:00.685Z"}
{"level":"info","message":"{\"username\":\"109616561789660928753\",\"url\":\"/api/usercourses\",\"timestamp\":\"December 22, 2022, 12:00:26 PM\"}","timestamp":"2022-12-22T06:00:26.153Z"}
{"level":"info","message":"{\"username\":\"+8801679248713\",\"url\":\"/api/userprofile\",\"timestamp\":\"December 22, 2022, 12:01:22 PM\"}","timestamp":"2022-12-22T06:01:22.781Z"}
{"level":"info","message":"{\"username\":\"109616561789660928753\",\"url\":\"/api/userprofile\",\"timestamp\":\"December 22, 2022, 12:01:33 PM\"}","timestamp":"2022-12-22T06:01:33.802Z"}
{"level":"info","message":"{\"username\":\"+8801679248713\",\"url\":\"/api/userprofile\",\"timestamp\":\"December 22, 2022, 12:01:34 PM\"}","timestamp":"2022-12-22T06:01:34.196Z"}
{"level":"info","message":"{\"username\":\"+8801679248713\",\"url\":\"/api/userprofile\",\"timestamp\":\"December 22, 2022, 12:02:43 PM\"}","timestamp":"2022-12-22T06:02:43.591Z"}
{"level":"info","message":"{\"username\":\"+8801679248713\",\"url\":\"/api/userprofile\",\"timestamp\":\"December 22, 2022, 12:02:48 PM\"}","timestamp":"2022-12-22T06:02:48.455Z"}
{"level":"info","message":"{\"username\":\"+8801679248713\",\"url\":\"/api/userprofile\",\"timestamp\":\"December 22, 2022, 12:04:33 PM\"}","timestamp":"2022-12-22T06:04:33.609Z"}
{"level":"info","message":"{\"username\":\"109616561789660928753\",\"url\":\"/api/userprofile\",\"timestamp\":\"December 22, 2022, 12:05:10 PM\"}","timestamp":"2022-12-22T06:05:10.463Z"}
{"level":"info","message":"{\"username\":\"+8801679248713\",\"url\":\"/api/userprofile\",\"timestamp\":\"December 22, 2022, 12:05:14 PM\"}","timestamp":"2022-12-22T06:05:14.191Z"}
{"level":"info","message":"{\"username\":\"109616561789660928753\",\"url\":\"/api/usercourses\",\"timestamp\":\"December 22, 2022, 12:05:17 PM\"}","timestamp":"2022-12-22T06:05:17.449Z"}
{"level":"info","message":"{\"username\":\"109616561789660928753\",\"url\":\"/api/userprofile\",\"timestamp\":\"December 22, 2022, 12:05:38 PM\"}","timestamp":"2022-12-22T06:05:38.186Z"}
{"level":"info","message":"{\"username\":\"109616561789660928753\",\"url\":\"/api/usercourses\",\"timestamp\":\"December 22, 2022, 12:05:42 PM\"}","timestamp":"2022-12-22T06:05:42.800Z"}
{"level":"info","message":"{\"username\":\"+8801679248713\",\"url\":\"/api/userprofile\",\"timestamp\":\"December 22, 2022, 12:06:01 PM\"}","timestamp":"2022-12-22T06:06:01.495Z"}
{"level":"info","message":"{\"username\":\"109616561789660928753\",\"url\":\"/api/usercourses\",\"timestamp\":\"December 22, 2022, 12:06:03 PM\"}","timestamp":"2022-12-22T06:06:03.027Z"}
{"level":"info","message":"{\"username\":\"+8801679248713\",\"url\":\"/api/userprofile\",\"timestamp\":\"December 22, 2022, 12:06:07 PM\"}","timestamp":"2022-12-22T06:06:07.091Z"}
{"level":"info","message":"{\"username\":\"109616561789660928753\",\"url\":\"/api/userprofile\",\"timestamp\":\"December 22, 2022, 12:06:18 PM\"}","timestamp":"2022-12-22T06:06:18.438Z"}
{"level":"info","message":"{\"username\":\"109616561789660928753\",\"url\":\"/api/usercourses\",\"timestamp\":\"December 22, 2022, 12:06:22 PM\"}","timestamp":"2022-12-22T06:06:22.191Z"}
{"level":"info","message":"{\"username\":\"+8801679248713\",\"url\":\"/api/userprofile\",\"timestamp\":\"December 22, 2022, 12:07:08 PM\"}","timestamp":"2022-12-22T06:07:08.185Z"}
{"level":"info","message":"{\"username\":\"109616561789660928753\",\"url\":\"/api/userprofile\",\"timestamp\":\"December 22, 2022, 12:10:34 PM\"}","timestamp":"2022-12-22T06:10:34.978Z"}
{"level":"info","message":"{\"username\":\"109616561789660928753\",\"url\":\"/api/usercourses\",\"timestamp\":\"December 22, 2022, 12:10:43 PM\"}","timestamp":"2022-12-22T06:10:43.430Z"}
{"level":"info","message":"{\"username\":\"109616561789660928753\",\"url\":\"/api/userprofile\",\"timestamp\":\"December 22, 2022, 12:12:14 PM\"}","timestamp":"2022-12-22T06:12:14.580Z"}
{"level":"info","message":"{\"username\":\"109616561789660928753\",\"url\":\"/api/usercourses\",\"timestamp\":\"December 22, 2022, 12:12:55 PM\"}","timestamp":"2022-12-22T06:12:55.990Z"}
{"level":"info","message":"{\"username\":\"109616561789660928753\",\"url\":\"/api/userprofile\",\"timestamp\":\"December 22, 2022, 12:15:25 PM\"}","timestamp":"2022-12-22T06:15:25.991Z"}
{"level":"info","message":"{\"username\":\"109616561789660928753\",\"url\":\"/api/usercourses\",\"timestamp\":\"December 22, 2022, 12:15:44 PM\"}","timestamp":"2022-12-22T06:15:44.558Z"}
{"level":"info","message":"{\"username\":\"+8801679248713\",\"url\":\"/api/userprofile\",\"timestamp\":\"December 22, 2022, 12:15:49 PM\"}","timestamp":"2022-12-22T06:15:49.797Z"}
{"level":"info","message":"{\"username\":\"+8801679248713\",\"url\":\"/api/userprofile\",\"timestamp\":\"December 22, 2022, 12:16:15 PM\"}","timestamp":"2022-12-22T06:16:15.055Z"}
{"level":"info","message":"{\"username\":\"+8801679248713\",\"url\":\"/api/userprofile\",\"timestamp\":\"December 22, 2022, 12:16:26 PM\"}","timestamp":"2022-12-22T06:16:26.803Z"}
{"level":"info","message":"{\"username\":\"+8801679248713\",\"url\":\"/api/userprofile\",\"timestamp\":\"December 22, 2022, 12:16:45 PM\"}","timestamp":"2022-12-22T06:16:45.618Z"}
{"level":"info","message":"{\"username\":\"+8801679248713\",\"url\":\"/api/userprofile\",\"timestamp\":\"December 22, 2022, 12:17:11 PM\"}","timestamp":"2022-12-22T06:17:11.967Z"}
{"level":"info","message":"{\"username\":\"+8801679248713\",\"url\":\"/api/userprofile\",\"timestamp\":\"December 22, 2022, 12:19:15 PM\"}","timestamp":"2022-12-22T06:19:15.239Z"}
{"level":"info","message":"{\"username\":\"1318859402181225\",\"url\":\"/api/userprofile\",\"timestamp\":\"December 22, 2022, 12:19:34 PM\"}","timestamp":"2022-12-22T06:19:34.824Z"}
{"level":"info","message":"{\"url\":\"/api/logout\",\"timestamp\":\"December 22, 2022, 12:20:09 PM\"}","timestamp":"2022-12-22T06:20:09.363Z"}
{"level":"info","message":"{\"username\":\"+8801679248713\",\"url\":\"/api/userprofile\",\"timestamp\":\"December 22, 2022, 12:20:16 PM\"}","timestamp":"2022-12-22T06:20:16.216Z"}
{"level":"info","message":"{\"username\":\"109616561789660928753\",\"url\":\"/api/userprofile\",\"timestamp\":\"December 22, 2022, 12:20:31 PM\"}","timestamp":"2022-12-22T06:20:31.336Z"}
{"level":"info","message":"{\"username\":\"109616561789660928753\",\"url\":\"/api/usercourses\",\"timestamp\":\"December 22, 2022, 12:20:37 PM\"}","timestamp":"2022-12-22T06:20:37.991Z"}
{"level":"info","message":"{\"username\":\"+8801679248713\",\"url\":\"/api/userprofile\",\"timestamp\":\"December 22, 2022, 12:22:40 PM\"}","timestamp":"2022-12-22T06:22:40.734Z"}
{"level":"info","message":"{\"username\":\"109616561789660928753\",\"url\":\"/api/userprofile\",\"timestamp\":\"December 22, 2022, 12:24:04 PM\"}","timestamp":"2022-12-22T06:24:04.651Z"}
{"level":"info","message":"{\"username\":\"109616561789660928753\",\"url\":\"/api/usercourses\",\"timestamp\":\"December 22, 2022, 12:24:10 PM\"}","timestamp":"2022-12-22T06:24:10.078Z"}
{"level":"info","message":"{\"username\":\"+8801679248713\",\"url\":\"/api/userprofile\",\"timestamp\":\"December 22, 2022, 12:24:42 PM\"}","timestamp":"2022-12-22T06:24:42.023Z"}
{"level":"info","message":"{\"username\":\"+8801679248713\",\"url\":\"/api/userprofile\",\"timestamp\":\"December 22, 2022, 12:27:02 PM\"}","timestamp":"2022-12-22T06:27:02.219Z"}
{"level":"info","message":"{\"username\":\"109616561789660928753\",\"url\":\"/api/userprofile\",\"timestamp\":\"December 22, 2022, 12:29:16 PM\"}","timestamp":"2022-12-22T06:29:16.261Z"}
{"level":"info","message":"{\"username\":\"+8801679248713\",\"url\":\"/api/userprofile\",\"timestamp\":\"December 22, 2022, 12:33:16 PM\"}","timestamp":"2022-12-22T06:33:16.258Z"}
{"level":"info","message":"{\"username\":\"+8801679248713\",\"url\":\"/api/userprofile\",\"timestamp\":\"December 22, 2022, 12:33:27 PM\"}","timestamp":"2022-12-22T06:33:27.451Z"}
{"level":"info","message":"{\"username\":\"+8801679248713\",\"url\":\"/api/userprofile\",\"timestamp\":\"December 22, 2022, 12:33:51 PM\"}","timestamp":"2022-12-22T06:33:51.917Z"}
{"level":"info","message":"{\"username\":\"+8801679248713\",\"url\":\"/api/userprofile\",\"timestamp\":\"December 22, 2022, 12:34:02 PM\"}","timestamp":"2022-12-22T06:34:02.360Z"}
{"level":"info","message":"{\"username\":\"109616561789660928753\",\"url\":\"/api/userprofile\",\"timestamp\":\"December 22, 2022, 12:35:15 PM\"}","timestamp":"2022-12-22T06:35:15.526Z"}
{"level":"info","message":"{\"username\":\"+8801679248713\",\"url\":\"/api/userprofile\",\"timestamp\":\"December 22, 2022, 12:39:19 PM\"}","timestamp":"2022-12-22T06:39:19.297Z"}
{"level":"info","message":"{\"username\":\"+8801679248713\",\"url\":\"/api/userprofile\",\"timestamp\":\"December 22, 2022, 12:40:15 PM\"}","timestamp":"2022-12-22T06:40:15.450Z"}
{"level":"info","message":"{\"username\":\"+8801679248713\",\"url\":\"/api/userprofile\",\"timestamp\":\"December 22, 2022, 12:40:29 PM\"}","timestamp":"2022-12-22T06:40:29.849Z"}
{"level":"info","message":"{\"username\":\"109616561789660928753\",\"url\":\"/api/usercourses\",\"timestamp\":\"December 22, 2022, 12:41:12 PM\"}","timestamp":"2022-12-22T06:41:12.450Z"}
{"level":"info","message":"{\"username\":\"+8801679248713\",\"url\":\"/api/userprofile\",\"timestamp\":\"December 22, 2022, 12:41:54 PM\"}","timestamp":"2022-12-22T06:41:54.143Z"}
{"level":"info","message":"{\"username\":\"+8801679248713\",\"url\":\"/api/userprofile\",\"timestamp\":\"December 22, 2022, 12:42:19 PM\"}","timestamp":"2022-12-22T06:42:19.224Z"}
{"level":"info","message":"{\"username\":\"+8801679248713\",\"url\":\"/api/userprofile\",\"timestamp\":\"December 22, 2022, 12:43:01 PM\"}","timestamp":"2022-12-22T06:43:01.182Z"}
{"level":"info","message":"{\"username\":\"+8801679248713\",\"url\":\"/api/userprofile\",\"timestamp\":\"December 22, 2022, 12:43:33 PM\"}","timestamp":"2022-12-22T06:43:33.536Z"}
{"level":"info","message":"{\"username\":\"+8801679248713\",\"url\":\"/api/userprofile\",\"timestamp\":\"December 22, 2022, 12:43:38 PM\"}","timestamp":"2022-12-22T06:43:38.699Z"}
{"level":"info","message":"{\"username\":\"+8801679248713\",\"url\":\"/api/userprofile\",\"timestamp\":\"December 22, 2022, 12:43:52 PM\"}","timestamp":"2022-12-22T06:43:52.587Z"}
{"level":"info","message":"{\"username\":\"+8801679248713\",\"url\":\"/api/userprofile\",\"timestamp\":\"December 22, 2022, 12:44:15 PM\"}","timestamp":"2022-12-22T06:44:15.431Z"}
{"level":"info","message":"{\"username\":\"+8801679248713\",\"url\":\"/api/userprofile\",\"timestamp\":\"December 22, 2022, 12:44:19 PM\"}","timestamp":"2022-12-22T06:44:19.865Z"}
{"level":"info","message":"{\"username\":\"+8801679248713\",\"url\":\"/api/userprofile\",\"timestamp\":\"December 22, 2022, 12:44:27 PM\"}","timestamp":"2022-12-22T06:44:27.097Z"}
{"level":"info","message":"{\"username\":\"+8801679248713\",\"url\":\"/api/userprofile\",\"timestamp\":\"December 22, 2022, 12:44:31 PM\"}","timestamp":"2022-12-22T06:44:31.093Z"}
{"level":"info","message":"{\"username\":\"+8801679248713\",\"url\":\"/api/userprofile\",\"timestamp\":\"December 22, 2022, 12:44:39 PM\"}","timestamp":"2022-12-22T06:44:39.767Z"}
{"level":"info","message":"{\"username\":\"+8801679248713\",\"url\":\"/api/userprofile\",\"timestamp\":\"December 22, 2022, 12:46:17 PM\"}","timestamp":"2022-12-22T06:46:17.512Z"}
{"level":"info","message":"{\"username\":\"+8801679248713\",\"url\":\"/api/userprofile\",\"timestamp\":\"December 22, 2022, 12:46:21 PM\"}","timestamp":"2022-12-22T06:46:21.014Z"}
{"level":"info","message":"{\"username\":\"+8801679248713\",\"url\":\"/api/userprofile\",\"timestamp\":\"December 22, 2022, 12:46:37 PM\"}","timestamp":"2022-12-22T06:46:37.885Z"}
{"level":"info","message":"{\"username\":\"109616561789660928753\",\"url\":\"/api/userprofile\",\"timestamp\":\"December 22, 2022, 12:52:21 PM\"}","timestamp":"2022-12-22T06:52:21.506Z"}
{"level":"info","message":"{\"username\":\"109616561789660928753\",\"url\":\"/api/usercourses\",\"timestamp\":\"December 22, 2022, 12:52:29 PM\"}","timestamp":"2022-12-22T06:52:29.108Z"}
{"level":"info","message":"{\"url\":\"/api/mobilecertificate?request=Yh0jnkBCjd29WlXggqRSQISSoBAiYX3rZ1mMKyjQgVHtYEjwp2Q2xtkDyfvKDsf1sfa4G194pozseg82nT3n0i1m3ppSqfmdzMj6+T76reWhfrp61za0YbcdeVwDwkuENGEqXVMaO5NjxLahhdPv4ZGWHVvvERTPd5WSsxXNDRssFYTa87Vz6Cal36aUSsbxj8O/oBcWHJPqQd1iFFIiVA==&passphase=31353833323838363939323438313131\",\"timestamp\":\"December 22, 2022, 12:52:40 PM\"}","timestamp":"2022-12-22T06:52:40.121Z"}
{"level":"info","message":"{\"url\":\"/api/mobilecertificate?request=Yh0jnkBCjd29WlXggqRSQISSoBAiYX3rZ1mMKyjQgVHtYEjwp2Q2xtkDyfvKDsf1sfa4G194pozseg82nT3n0i1m3ppSqfmdzMj6+T76reWhfrp61za0YbcdeVwDwkuENGEqXVMaO5NjxLahhdPv4ZGWHVvvERTPd5WSsxXNDRssFYTa87Vz6Cal36aUSsbxj8O/oBcWHJPqQd1iFFIiVA==&passphase=31353833323838363939323438313131\",\"timestamp\":\"December 22, 2022, 12:55:06 PM\"}","timestamp":"2022-12-22T06:55:06.798Z"}
{"level":"info","message":"{\"url\":\"/api/mobilecertificate?request=Yh0jnkBCjd29WlXggqRSQISSoBAiYX3rZ1mMKyjQgVHtYEjwp2Q2xtkDyfvKDsf1sfa4G194pozseg82nT3n0i1m3ppSqfmdzMj6+T76reWhfrp61za0YbcdeVwDwkuENGEqXVMaO5NjxLahhdPv4ZGWHVvvERTPd5WSsxXNDRssFYTa87Vz6Cal36aUSsbxj8O/oBcWHJPqQd1iFFIiVA==&passphase=31353833323838363939323438313131\",\"timestamp\":\"December 22, 2022, 12:55:26 PM\"}","timestamp":"2022-12-22T06:55:26.687Z"}
{"level":"info","message":"{\"url\":\"/api/mobilecertificate?request=Yh0jnkBCjd29WlXggqRSQISSoBAiYX3rZ1mMKyjQgVHtYEjwp2Q2xtkDyfvKDsf1sfa4G194pozseg82nT3n0i1m3ppSqfmdzMj6+T76reWhfrp61za0YbcdeVwDwkuENGEqXVMaO5NjxLahhdPv4ZGWHVvvERTPd5WSsxXNDRssFYTa87Vz6Cal36aUSsbxj8O/oBcWHJPqQd1iFFIiVA==&passphase=31353833323838363939323438313131\",\"timestamp\":\"December 22, 2022, 12:56:19 PM\"}","timestamp":"2022-12-22T06:56:19.534Z"}
{"level":"info","message":"{\"url\":\"/api/mobilecertificate?request=Yh0jnkBCjd29WlXggqRSQISSoBAiYX3rZ1mMKyjQgVHtYEjwp2Q2xtkDyfvKDsf1sfa4G194pozseg82nT3n0i1m3ppSqfmdzMj6+T76reWhfrp61za0YbcdeVwDwkuENGEqXVMaO5NjxLahhdPv4ZGWHVvvERTPd5WSsxXNDRssFYTa87Vz6Cal36aUSsbxj8O/oBcWHJPqQd1iFFIiVA==&passphase=31353833323838363939323438313131\",\"timestamp\":\"December 22, 2022, 12:56:45 PM\"}","timestamp":"2022-12-22T06:56:45.653Z"}
{"level":"info","message":"{\"url\":\"/api/mobilecertificate?request=Yh0jnkBCjd29WlXggqRSQISSoBAiYX3rZ1mMKyjQgVHtYEjwp2Q2xtkDyfvKDsf1sfa4G194pozseg82nT3n0i1m3ppSqfmdzMj6+T76reWhfrp61za0YbcdeVwDwkuENGEqXVMaO5NjxLahhdPv4ZGWHVvvERTPd5WSsxXNDRssFYTa87Vz6Cal36aUSsbxj8O/oBcWHJPqQd1iFFIiVA==&passphase=31353833323838363939323438313131\",\"timestamp\":\"December 22, 2022, 12:56:45 PM\"}","timestamp":"2022-12-22T06:56:45.847Z"}
{"level":"info","message":"{\"url\":\"/api/mobilecertificate?request=Yh0jnkBCjd29WlXggqRSQISSoBAiYX3rZ1mMKyjQgVHtYEjwp2Q2xtkDyfvKDsf1sfa4G194pozseg82nT3n0i1m3ppSqfmdzMj6+T76reWhfrp61za0YbcdeVwDwkuENGEqXVMaO5NjxLahhdPv4ZGWHVvvERTPd5WSsxXNDRssFYTa87Vz6Cal36aUSsbxj8O/oBcWHJPqQd1iFFIiVA==&passphase=31353833323838363939323438313131\",\"timestamp\":\"December 22, 2022, 1:40:22 PM\"}","timestamp":"2022-12-22T07:40:22.386Z"}
{"level":"info","message":"{\"url\":\"/api/mobilecertificate?request=Yh0jnkBCjd29WlXggqRSQISSoBAiYX3rZ1mMKyjQgVHtYEjwp2Q2xtkDyfvKDsf1sfa4G194pozseg82nT3n0i1m3ppSqfmdzMj6+T76reWhfrp61za0YbcdeVwDwkuENGEqXVMaO5NjxLahhdPv4ZGWHVvvERTPd5WSsxXNDRssFYTa87Vz6Cal36aUSsbxj8O/oBcWHJPqQd1iFFIiVA==&passphase=31353833323838363939323438313131\",\"timestamp\":\"December 22, 2022, 1:40:31 PM\"}","timestamp":"2022-12-22T07:40:31.810Z"}
{"level":"info","message":"{\"url\":\"/api/mobilecertificate?request=Yh0jnkBCjd29WlXggqRSQISSoBAiYX3rZ1mMKyjQgVHtYEjwp2Q2xtkDyfvKDsf1sfa4G194pozseg82nT3n0i1m3ppSqfmdzMj6+T76reWhfrp61za0YbcdeVwDwkuENGEqXVMaO5NjxLahhdPv4ZGWHVvvERTPd5WSsxXNDRssFYTa87Vz6Cal36aUSsbxj8O/oBcWHJPqQd1iFFIiVA==&passphase=31353833323838363939323438313131\",\"timestamp\":\"December 22, 2022, 1:43:02 PM\"}","timestamp":"2022-12-22T07:43:02.933Z"}
{"level":"info","message":"{\"username\":\"109616561789660928753\",\"url\":\"/api/userprofile\",\"timestamp\":\"December 22, 2022, 1:43:11 PM\"}","timestamp":"2022-12-22T07:43:11.927Z"}
{"level":"info","message":"{\"username\":\"109616561789660928753\",\"url\":\"/api/usercourses\",\"timestamp\":\"December 22, 2022, 1:43:16 PM\"}","timestamp":"2022-12-22T07:43:16.286Z"}
{"level":"info","message":"{\"url\":\"/api/mobilecertificate?request=Yh0jnkBCjd29WlXggqRSQISSoBAiYX3rZ1mMKyjQgVHtYEjwp2Q2xtkDyfvKDsf1sfa4G194pozseg82nT3n0i1m3ppSqfmdzMj6+T76reWhfrp61za0YbcdeVwDwkuENGEqXVMaO5NjxLahhdPv4ZGWHVvvERTPd5WSsxXNDRssFYTa87Vz6Cal36aUSsbxj8O/oBcWHJPqQd1iFFIiVA==&passphase=31353833323838363939323438313131\",\"timestamp\":\"December 22, 2022, 1:43:29 PM\"}","timestamp":"2022-12-22T07:43:29.036Z"}
{"level":"info","message":"{\"url\":\"/api/mobilecertificate?request=Yh0jnkBCjd29WlXggqRSQISSoBAiYX3rZ1mMKyjQgVHtYEjwp2Q2xtkDyfvKDsf1sfa4G194pozseg82nT3n0i1m3ppSqfmdzMj6+T76reWhfrp61za0YbcdeVwDwkuENGEqXVMaO5NjxLahhdPv4ZGWHVvvERTPd5WSsxXNDRssFYTa87Vz6Cal36aUSsbxj8O/oBcWHJPqQd1iFFIiVA==&passphase=31353833323838363939323438313131\",\"timestamp\":\"December 22, 2022, 1:44:20 PM\"}","timestamp":"2022-12-22T07:44:20.915Z"}
{"level":"info","message":"{\"url\":\"/api/mobilecertificate?request=Yh0jnkBCjd29WlXggqRSQISSoBAiYX3rZ1mMKyjQgVHtYEjwp2Q2xtkDyfvKDsf1sfa4G194pozseg82nT3n0i1m3ppSqfmdzMj6+T76reWhfrp61za0YbcdeVwDwkuENGEqXVMaO5NjxLahhdPv4ZGWHVvvERTPd5WSsxXNDRssFYTa87Vz6Cal36aUSsbxj8O/oBcWHJPqQd1iFFIiVA==&passphase=31353833323838363939323438313131\",\"timestamp\":\"December 22, 2022, 1:44:24 PM\"}","timestamp":"2022-12-22T07:44:24.955Z"}
{"level":"info","message":"{\"url\":\"/api/mobilecertificate?request=Yh0jnkBCjd29WlXggqRSQISSoBAiYX3rZ1mMKyjQgVHtYEjwp2Q2xtkDyfvKDsf1sfa4G194pozseg82nT3n0i1m3ppSqfmdzMj6+T76reWhfrp61za0YbcdeVwDwkuENGEqXVMaO5NjxLahhdPv4ZGWHVvvERTPd5WSsxXNDRssFYTa87Vz6Cal36aUSsbxj8O/oBcWHJPqQd1iFFIiVA==&passphase=31353833323838363939323438313131\",\"timestamp\":\"December 22, 2022, 1:48:20 PM\"}","timestamp":"2022-12-22T07:48:20.660Z"}
{"level":"info","message":"{\"username\":\"109616561789660928753\",\"url\":\"/api/updateuserprofile\",\"timestamp\":\"December 22, 2022, 1:48:58 PM\"}","timestamp":"2022-12-22T07:48:58.348Z"}
{"level":"info","message":"{\"username\":\"109616561789660928753\",\"url\":\"/api/mobilepaymentdata\",\"timestamp\":\"December 22, 2022, 1:48:59 PM\"}","timestamp":"2022-12-22T07:48:59.272Z"}
{"level":"info","message":"{\"username\":\"109616561789660928753\",\"url\":\"/api/updateuserprofile\",\"timestamp\":\"December 22, 2022, 1:49:17 PM\"}","timestamp":"2022-12-22T07:49:17.297Z"}
{"level":"info","message":"{\"username\":\"109616561789660928753\",\"url\":\"/api/mobilepaymentdata\",\"timestamp\":\"December 22, 2022, 1:49:18 PM\"}","timestamp":"2022-12-22T07:49:18.307Z"}
{"level":"info","message":"{\"url\":\"/api/mobilecertificate?request=Yh0jnkBCjd29WlXggqRSQISSoBAiYX3rZ1mMKyjQgVHtYEjwp2Q2xtkDyfvKDsf1sfa4G194pozseg82nT3n0i1m3ppSqfmdzMj6+T76reWhfrp61za0YbcdeVwDwkuENGEqXVMaO5NjxLahhdPv4ZGWHVvvERTPd5WSsxXNDRssFYTa87Vz6Cal36aUSsbxj8O/oBcWHJPqQd1iFFIiVA==&passphase=31353833323838363939323438313131\",\"timestamp\":\"December 22, 2022, 2:14:47 PM\"}","timestamp":"2022-12-22T08:14:47.484Z"}
{"level":"info","message":"{\"url\":\"/api/mobilecertificate?request=Yh0jnkBCjd29WlXggqRSQISSoBAiYX3rZ1mMKyjQgVHtYEjwp2Q2xtkDyfvKDsf1sfa4G194pozseg82nT3n0i1m3ppSqfmdzMj6+T76reWhfrp61za0YbcdeVwDwkuENGEqXVMaO5NjxLahhdPv4ZGWHVvvERTPd5WSsxXNDRssFYTa87Vz6Cal36aUSsbxj8O/oBcWHJPqQd1iFFIiVA==&passphase=31353833323838363939323438313131\",\"timestamp\":\"December 22, 2022, 2:20:45 PM\"}","timestamp":"2022-12-22T08:20:45.760Z"}
{"level":"info","message":"{\"url\":\"/api/mobilecertificate?request=Yh0jnkBCjd29WlXggqRSQISSoBAiYX3rZ1mMKyjQgVHtYEjwp2Q2xtkDyfvKDsf1sfa4G194pozseg82nT3n0i1m3ppSqfmdzMj6+T76reWhfrp61za0YbcdeVwDwkuENGEqXVMaO5NjxLahhdPv4ZGWHVvvERTPd5WSsxXNDRssFYTa87Vz6Cal36aUSsbxj8O/oBcWHJPqQd1iFFIiVA==&passphase=31353833323838363939323438313131\",\"timestamp\":\"December 22, 2022, 2:21:29 PM\"}","timestamp":"2022-12-22T08:21:29.539Z"}
{"level":"info","message":"{\"url\":\"/api/mobilecertificate?request=Yh0jnkBCjd29WlXggqRSQISSoBAiYX3rZ1mMKyjQgVHtYEjwp2Q2xtkDyfvKDsf1sfa4G194pozseg82nT3n0i1m3ppSqfmdzMj6+T76reWhfrp61za0YbcdeVwDwkuENGEqXVMaO5NjxLahhdPv4ZGWHVvvERTPd5WSsxXNDRssFYTa87Vz6Cal36aUSsbxj8O/oBcWHJPqQd1iFFIiVA==&passphase=31353833323838363939323438313131\",\"timestamp\":\"December 22, 2022, 2:25:26 PM\"}","timestamp":"2022-12-22T08:25:26.775Z"}
{"level":"info","message":"{\"url\":\"/api/mobilecertificate?request=Yh0jnkBCjd29WlXggqRSQISSoBAiYX3rZ1mMKyjQgVHtYEjwp2Q2xtkDyfvKDsf1sfa4G194pozseg82nT3n0i1m3ppSqfmdzMj6+T76reWhfrp61za0YbcdeVwDwkuENGEqXVMaO5NjxLahhdPv4ZGWHVvvERTPd5WSsxXNDRssFYTa87Vz6Cal36aUSsbxj8O/oBcWHJPqQd1iFFIiVA==&passphase=31353833323838363939323438313131\",\"timestamp\":\"December 22, 2022, 2:25:26 PM\"}","timestamp":"2022-12-22T08:25:26.794Z"}
{"level":"info","message":"{\"url\":\"/api/mobilecertificate?request=Yh0jnkBCjd29WlXggqRSQISSoBAiYX3rZ1mMKyjQgVHtYEjwp2Q2xtkDyfvKDsf1sfa4G194pozseg82nT3n0i1m3ppSqfmdzMj6+T76reWhfrp61za0YbcdeVwDwkuENGEqXVMaO5NjxLahhdPv4ZGWHVvvERTPd5WSsxXNDRssFYTa87Vz6Cal36aUSsbxj8O/oBcWHJPqQd1iFFIiVA==&passphase=31353833323838363939323438313131\",\"timestamp\":\"December 22, 2022, 2:25:42 PM\"}","timestamp":"2022-12-22T08:25:42.331Z"}
{"level":"info","message":"{\"url\":\"/api/mobilecertificate?request=Yh0jnkBCjd29WlXggqRSQISSoBAiYX3rZ1mMKyjQgVHtYEjwp2Q2xtkDyfvKDsf1sfa4G194pozseg82nT3n0i1m3ppSqfmdzMj6+T76reWhfrp61za0YbcdeVwDwkuENGEqXVMaO5NjxLahhdPv4ZGWHVvvERTPd5WSsxXNDRssFYTa87Vz6Cal36aUSsbxj8O/oBcWHJPqQd1iFFIiVA==&passphase=31353833323838363939323438313131\",\"timestamp\":\"December 22, 2022, 2:25:46 PM\"}","timestamp":"2022-12-22T08:25:46.430Z"}
{"level":"info","message":"{\"url\":\"/api/mobilecertificate?request=Yh0jnkBCjd29WlXggqRSQISSoBAiYX3rZ1mMKyjQgVHtYEjwp2Q2xtkDyfvKDsf1sfa4G194pozseg82nT3n0i1m3ppSqfmdzMj6+T76reWhfrp61za0YbcdeVwDwkuENGEqXVMaO5NjxLahhdPv4ZGWHVvvERTPd5WSsxXNDRssFYTa87Vz6Cal36aUSsbxj8O/oBcWHJPqQd1iFFIiVA==&passphase=31353833323838363939323438313131\",\"timestamp\":\"December 22, 2022, 2:25:46 PM\"}","timestamp":"2022-12-22T08:25:46.594Z"}
{"level":"info","message":"{\"url\":\"/api/mobilecertificate?request=Yh0jnkBCjd29WlXggqRSQISSoBAiYX3rZ1mMKyjQgVHtYEjwp2Q2xtkDyfvKDsf1sfa4G194pozseg82nT3n0i1m3ppSqfmdzMj6+T76reWhfrp61za0YbcdeVwDwkuENGEqXVMaO5NjxLahhdPv4ZGWHVvvERTPd5WSsxXNDRssFYTa87Vz6Cal36aUSsbxj8O/oBcWHJPqQd1iFFIiVA==&passphase=31353833323838363939323438313131\",\"timestamp\":\"December 22, 2022, 2:25:52 PM\"}","timestamp":"2022-12-22T08:25:52.047Z"}
{"level":"info","message":"{\"url\":\"/api/mobilecertificate?request=Yh0jnkBCjd29WlXggqRSQISSoBAiYX3rZ1mMKyjQgVHtYEjwp2Q2xtkDyfvKDsf1sfa4G194pozseg82nT3n0i1m3ppSqfmdzMj6+T76reWhfrp61za0YbcdeVwDwkuENGEqXVMaO5NjxLahhdPv4ZGWHVvvERTPd5WSsxXNDRssFYTa87Vz6Cal36aUSsbxj8O/oBcWHJPqQd1iFFIiVA==&passphase=31353833323838363939323438313131\",\"timestamp\":\"December 22, 2022, 2:25:58 PM\"}","timestamp":"2022-12-22T08:25:58.708Z"}
{"level":"info","message":"{\"url\":\"/api/mobilecertificate?request=Yh0jnkBCjd29WlXggqRSQISSoBAiYX3rZ1mMKyjQgVHtYEjwp2Q2xtkDyfvKDsf1sfa4G194pozseg82nT3n0i1m3ppSqfmdzMj6+T76reWhfrp61za0YbcdeVwDwkuENGEqXVMaO5NjxLahhdPv4ZGWHVvvERTPd5WSsxXNDRssFYTa87Vz6Cal36aUSsbxj8O/oBcWHJPqQd1iFFIiVA==&passphase=31353833323838363939323438313131\",\"timestamp\":\"December 22, 2022, 2:26:06 PM\"}","timestamp":"2022-12-22T08:26:06.393Z"}
{"level":"info","message":"{\"url\":\"/api/mobilecertificate?request=Yh0jnkBCjd29WlXggqRSQISSoBAiYX3rZ1mMKyjQgVHtYEjwp2Q2xtkDyfvKDsf1sfa4G194pozseg82nT3n0i1m3ppSqfmdzMj6+T76reWhfrp61za0YbcdeVwDwkuENGEqXVMaO5NjxLahhdPv4ZGWHVvvERTPd5WSsxXNDRssFYTa87Vz6Cal36aUSsbxj8O/oBcWHJPqQd1iFFIiVA==&passphase=31353833323838363939323438313131\",\"timestamp\":\"December 22, 2022, 2:26:12 PM\"}","timestamp":"2022-12-22T08:26:12.071Z"}
{"level":"info","message":"{\"url\":\"/api/mobilecertificate?request=Yh0jnkBCjd29WlXggqRSQISSoBAiYX3rZ1mMKyjQgVHtYEjwp2Q2xtkDyfvKDsf1sfa4G194pozseg82nT3n0i1m3ppSqfmdzMj6+T76reWhfrp61za0YbcdeVwDwkuENGEqXVMaO5NjxLahhdPv4ZGWHVvvERTPd5WSsxXNDRssFYTa87Vz6Cal36aUSsbxj8O/oBcWHJPqQd1iFFIiVA==&passphase=31353833323838363939323438313131\",\"timestamp\":\"December 22, 2022, 2:26:17 PM\"}","timestamp":"2022-12-22T08:26:17.859Z"}
{"level":"info","message":"{\"url\":\"/api/mobilecertificate?request=Yh0jnkBCjd29WlXggqRSQISSoBAiYX3rZ1mMKyjQgVHtYEjwp2Q2xtkDyfvKDsf1sfa4G194pozseg82nT3n0i1m3ppSqfmdzMj6+T76reWhfrp61za0YbcdeVwDwkuENGEqXVMaO5NjxLahhdPv4ZGWHVvvERTPd5WSsxXNDRssFYTa87Vz6Cal36aUSsbxj8O/oBcWHJPqQd1iFFIiVA==&passphase=31353833323838363939323438313131\",\"timestamp\":\"December 22, 2022, 2:27:51 PM\"}","timestamp":"2022-12-22T08:27:51.835Z"}
{"level":"info","message":"{\"url\":\"/api/mobilecertificate?request=Yh0jnkBCjd29WlXggqRSQISSoBAiYX3rZ1mMKyjQgVHtYEjwp2Q2xtkDyfvKDsf1sfa4G194pozseg82nT3n0i1m3ppSqfmdzMj6+T76reWhfrp61za0YbcdeVwDwkuENGEqXVMaO5NjxLahhdPv4ZGWHVvvERTPd5WSsxXNDRssFYTa87Vz6Cal36aUSsbxj8O/oBcWHJPqQd1iFFIiVA==&passphase=31353833323838363939323438313131\",\"timestamp\":\"December 22, 2022, 2:27:52 PM\"}","timestamp":"2022-12-22T08:27:52.033Z"}
{"level":"info","message":"{\"url\":\"/api/mobilecertificate?request=Yh0jnkBCjd29WlXggqRSQISSoBAiYX3rZ1mMKyjQgVHtYEjwp2Q2xtkDyfvKDsf1sfa4G194pozseg82nT3n0i1m3ppSqfmdzMj6+T76reWhfrp61za0YbcdeVwDwkuENGEqXVMaO5NjxLahhdPv4ZGWHVvvERTPd5WSsxXNDRssFYTa87Vz6Cal36aUSsbxj8O/oBcWHJPqQd1iFFIiVA==&passphase=31353833323838363939323438313131\",\"timestamp\":\"December 22, 2022, 2:28:15 PM\"}","timestamp":"2022-12-22T08:28:15.102Z"}
{"level":"info","message":"{\"url\":\"/api/mobilecertificate?request=Yh0jnkBCjd29WlXggqRSQISSoBAiYX3rZ1mMKyjQgVHtYEjwp2Q2xtkDyfvKDsf1sfa4G194pozseg82nT3n0i1m3ppSqfmdzMj6+T76reWhfrp61za0YbcdeVwDwkuENGEqXVMaO5NjxLahhdPv4ZGWHVvvERTPd5WSsxXNDRssFYTa87Vz6Cal36aUSsbxj8O/oBcWHJPqQd1iFFIiVA==&passphase=31353833323838363939323438313131\",\"timestamp\":\"December 22, 2022, 2:28:19 PM\"}","timestamp":"2022-12-22T08:28:19.196Z"}
{"level":"info","message":"{\"url\":\"/api/mobilecertificate?request=Yh0jnkBCjd29WlXggqRSQISSoBAiYX3rZ1mMKyjQgVHtYEjwp2Q2xtkDyfvKDsf1sfa4G194pozseg82nT3n0i1m3ppSqfmdzMj6+T76reWhfrp61za0YbcdeVwDwkuENGEqXVMaO5NjxLahhdPv4ZGWHVvvERTPd5WSsxXNDRssFYTa87Vz6Cal36aUSsbxj8O/oBcWHJPqQd1iFFIiVA==&passphase=31353833323838363939323438313131\",\"timestamp\":\"December 22, 2022, 2:28:24 PM\"}","timestamp":"2022-12-22T08:28:24.511Z"}
{"level":"info","message":"{\"url\":\"/api/mobilecertificate?request=Yh0jnkBCjd29WlXggqRSQISSoBAiYX3rZ1mMKyjQgVHtYEjwp2Q2xtkDyfvKDsf1sfa4G194pozseg82nT3n0i1m3ppSqfmdzMj6+T76reWhfrp61za0YbcdeVwDwkuENGEqXVMaO5NjxLahhdPv4ZGWHVvvERTPd5WSsxXNDRssFYTa87Vz6Cal36aUSsbxj8O/oBcWHJPqQd1iFFIiVA==&passphase=31353833323838363939323438313131\",\"timestamp\":\"December 22, 2022, 2:28:31 PM\"}","timestamp":"2022-12-22T08:28:31.926Z"}
{"level":"info","message":"{\"url\":\"/api/mobilecertificate?request=Yh0jnkBCjd29WlXggqRSQISSoBAiYX3rZ1mMKyjQgVHtYEjwp2Q2xtkDyfvKDsf1sfa4G194pozseg82nT3n0i1m3ppSqfmdzMj6+T76reWhfrp61za0YbcdeVwDwkuENGEqXVMaO5NjxLahhdPv4ZGWHVvvERTPd5WSsxXNDRssFYTa87Vz6Cal36aUSsbxj8O/oBcWHJPqQd1iFFIiVA==&passphase=31353833323838363939323438313131\",\"timestamp\":\"December 22, 2022, 2:28:36 PM\"}","timestamp":"2022-12-22T08:28:36.794Z"}
{"level":"info","message":"{\"url\":\"/api/mobilecertificate?request=Yh0jnkBCjd29WlXggqRSQISSoBAiYX3rZ1mMKyjQgVHtYEjwp2Q2xtkDyfvKDsf1sfa4G194pozseg82nT3n0i1m3ppSqfmdzMj6+T76reWhfrp61za0YbcdeVwDwkuENGEqXVMaO5NjxLahhdPv4ZGWHVvvERTPd5WSsxXNDRssFYTa87Vz6Cal36aUSsbxj8O/oBcWHJPqQd1iFFIiVA==&passphase=31353833323838363939323438313131\",\"timestamp\":\"December 22, 2022, 2:28:41 PM\"}","timestamp":"2022-12-22T08:28:41.577Z"}
{"level":"info","message":"{\"url\":\"/api/mobilecertificate?request=Yh0jnkBCjd29WlXggqRSQISSoBAiYX3rZ1mMKyjQgVHtYEjwp2Q2xtkDyfvKDsf1sfa4G194pozseg82nT3n0i1m3ppSqfmdzMj6+T76reWhfrp61za0YbcdeVwDwkuENGEqXVMaO5NjxLahhdPv4ZGWHVvvERTPd5WSsxXNDRssFYTa87Vz6Cal36aUSsbxj8O/oBcWHJPqQd1iFFIiVA==&passphase=31353833323838363939323438313131\",\"timestamp\":\"December 22, 2022, 2:28:48 PM\"}","timestamp":"2022-12-22T08:28:48.779Z"}
{"level":"info","message":"{\"url\":\"/api/mobilecertificate?request=Yh0jnkBCjd29WlXggqRSQISSoBAiYX3rZ1mMKyjQgVHtYEjwp2Q2xtkDyfvKDsf1sfa4G194pozseg82nT3n0i1m3ppSqfmdzMj6+T76reWhfrp61za0YbcdeVwDwkuENGEqXVMaO5NjxLahhdPv4ZGWHVvvERTPd5WSsxXNDRssFYTa87Vz6Cal36aUSsbxj8O/oBcWHJPqQd1iFFIiVA==&passphase=31353833323838363939323438313131\",\"timestamp\":\"December 22, 2022, 2:29:04 PM\"}","timestamp":"2022-12-22T08:29:04.068Z"}
{"level":"info","message":"{\"url\":\"/api/mobilecertificate?request=Yh0jnkBCjd29WlXggqRSQISSoBAiYX3rZ1mMKyjQgVHtYEjwp2Q2xtkDyfvKDsf1sfa4G194pozseg82nT3n0i1m3ppSqfmdzMj6+T76reWhfrp61za0YbcdeVwDwkuENGEqXVMaO5NjxLahhdPv4ZGWHVvvERTPd5WSsxXNDRssFYTa87Vz6Cal36aUSsbxj8O/oBcWHJPqQd1iFFIiVA==&passphase=31353833323838363939323438313131\",\"timestamp\":\"December 22, 2022, 2:29:28 PM\"}","timestamp":"2022-12-22T08:29:28.834Z"}
{"level":"info","message":"{\"username\":\"109616561789660928753\",\"url\":\"/api/userprofile\",\"timestamp\":\"December 22, 2022, 2:30:21 PM\"}","timestamp":"2022-12-22T08:30:21.355Z"}
{"level":"info","message":"{\"username\":\"109616561789660928753\",\"url\":\"/api/usercourses\",\"timestamp\":\"December 22, 2022, 2:37:44 PM\"}","timestamp":"2022-12-22T08:37:44.888Z"}
{"level":"info","message":"{\"url\":\"/api/mobilecertificate?request=Yh0jnkBCjd29WlXggqRSQISSoBAiYX3rZ1mMKyjQgVHtYEjwp2Q2xtkDyfvKDsf1sfa4G194pozseg82nT3n0i1m3ppSqfmdzMj6+T76reWhfrp61za0YbcdeVwDwkuENGEqXVMaO5NjxLahhdPv4ZGWHVvvERTPd5WSsxXNDRssFYTa87Vz6Cal36aUSsbxj8O/oBcWHJPqQd1iFFIiVA==&passphase=31353833323838363939323438313131\",\"timestamp\":\"December 22, 2022, 2:37:48 PM\"}","timestamp":"2022-12-22T08:37:48.040Z"}
{"level":"info","message":"{\"url\":\"/api/mobilecertificate?request=Yh0jnkBCjd29WlXggqRSQISSoBAiYX3rZ1mMKyjQgVHtYEjwp2Q2xtkDyfvKDsf1sfa4G194pozseg82nT3n0i1m3ppSqfmdzMj6+T76reWhfrp61za0YbcdeVwDwkuENGEqXVMaO5NjxLahhdPv4ZGWHVvvERTPd5WSsxXNDRssFYTa87Vz6Cal36aUSsbxj8O/oBcWHJPqQd1iFFIiVA==&passphase=31353833323838363939323438313131\",\"timestamp\":\"December 22, 2022, 2:37:52 PM\"}","timestamp":"2022-12-22T08:37:52.515Z"}
{"level":"info","message":"{\"url\":\"/api/mobilecertificate?request=Yh0jnkBCjd29WlXggqRSQISSoBAiYX3rZ1mMKyjQgVHtYEjwp2Q2xtkDyfvKDsf1sfa4G194pozseg82nT3n0i1m3ppSqfmdzMj6+T76reWhfrp61za0YbcdeVwDwkuENGEqXVMaO5NjxLahhdPv4ZGWHVvvERTPd5WSsxXNDRssFYTa87Vz6Cal36aUSsbxj8O/oBcWHJPqQd1iFFIiVA==&passphase=31353833323838363939323438313131\",\"timestamp\":\"December 22, 2022, 2:39:34 PM\"}","timestamp":"2022-12-22T08:39:34.826Z"}
{"level":"info","message":"{\"url\":\"/api/mobilecertificate?request=Yh0jnkBCjd29WlXggqRSQISSoBAiYX3rZ1mMKyjQgVHtYEjwp2Q2xtkDyfvKDsf1sfa4G194pozseg82nT3n0i1m3ppSqfmdzMj6+T76reWhfrp61za0YbcdeVwDwkuENGEqXVMaO5NjxLahhdPv4ZGWHVvvERTPd5WSsxXNDRssFYTa87Vz6Cal36aUSsbxj8O/oBcWHJPqQd1iFFIiVA==&passphase=31353833323838363939323438313131\",\"timestamp\":\"December 22, 2022, 2:39:39 PM\"}","timestamp":"2022-12-22T08:39:39.548Z"}
{"level":"info","message":"{\"username\":\"109616561789660928753\",\"url\":\"/api/usercourses\",\"timestamp\":\"December 22, 2022, 2:40:04 PM\"}","timestamp":"2022-12-22T08:40:04.569Z"}
{"level":"info","message":"{\"url\":\"/api/mobilecertificate?request=Yh0jnkBCjd29WlXggqRSQISSoBAiYX3rZ1mMKyjQgVHtYEjwp2Q2xtkDyfvKDsf1sfa4G194pozseg82nT3n0i1m3ppSqfmdzMj6+T76reWhfrp61za0YbcdeVwDwkuENGEqXVMaO5NjxLahhdPv4ZGWHVvvERTPd5WSsxXNDRssFYTa87Vz6Cal36aUSsbxj8O/oBcWHJPqQd1iFFIiVA==&passphase=31353833323838363939323438313131\",\"timestamp\":\"December 22, 2022, 2:44:55 PM\"}","timestamp":"2022-12-22T08:44:55.513Z"}
{"level":"info","message":"{\"url\":\"/api/mobilecertificate?request=Yh0jnkBCjd29WlXggqRSQISSoBAiYX3rZ1mMKyjQgVHtYEjwp2Q2xtkDyfvKDsf1sfa4G194pozseg82nT3n0i1m3ppSqfmdzMj6+T76reWhfrp61za0YbcdeVwDwkuENGEqXVMaO5NjxLahhdPv4ZGWHVvvERTPd5WSsxXNDRssFYTa87Vz6Cal36aUSsbxj8O/oBcWHJPqQd1iFFIiVA==&passphase=31353833323838363939323438313131\",\"timestamp\":\"December 22, 2022, 2:45:00 PM\"}","timestamp":"2022-12-22T08:45:00.203Z"}
{"level":"info","message":"{\"url\":\"/api/mobilecertificate?request=Yh0jnkBCjd29WlXggqRSQISSoBAiYX3rZ1mMKyjQgVHtYEjwp2Q2xtkDyfvKDsf1sfa4G194pozseg82nT3n0i1m3ppSqfmdzMj6+T76reWhfrp61za0YbcdeVwDwkuENGEqXVMaO5NjxLahhdPv4ZGWHVvvERTPd5WSsxXNDRssFYTa87Vz6Cal36aUSsbxj8O/oBcWHJPqQd1iFFIiVA==&passphase=31353833323838363939323438313131\",\"timestamp\":\"December 22, 2022, 2:54:19 PM\"}","timestamp":"2022-12-22T08:54:19.818Z"}
{"level":"info","message":"{\"url\":\"/api/mobilecertificate?request=Yh0jnkBCjd29WlXggqRSQISSoBAiYX3rZ1mMKyjQgVHtYEjwp2Q2xtkDyfvKDsf1sfa4G194pozseg82nT3n0i1m3ppSqfmdzMj6+T76reWhfrp61za0YbcdeVwDwkuENGEqXVMaO5NjxLahhdPv4ZGWHVvvERTPd5WSsxXNDRssFYTa87Vz6Cal36aUSsbxj8O/oBcWHJPqQd1iFFIiVA==&passphase=31353833323838363939323438313131\",\"timestamp\":\"December 22, 2022, 2:54:24 PM\"}","timestamp":"2022-12-22T08:54:24.612Z"}
{"level":"info","message":"{\"url\":\"/api/mobilecertificate?request=Yh0jnkBCjd29WlXggqRSQISSoBAiYX3rZ1mMKyjQgVHtYEjwp2Q2xtkDyfvKDsf1sfa4G194pozseg82nT3n0i1m3ppSqfmdzMj6+T76reWhfrp61za0YbcdeVwDwkuENGEqXVMaO5NjxLahhdPv4ZGWHVvvERTPd5WSsxXNDRssFYTa87Vz6Cal36aUSsbxj8O/oBcWHJPqQd1iFFIiVA==&passphase=31353833323838363939323438313131\",\"timestamp\":\"December 22, 2022, 2:57:31 PM\"}","timestamp":"2022-12-22T08:57:31.588Z"}
{"level":"info","message":"{\"url\":\"/api/mobilecertificate?request=Yh0jnkBCjd29WlXggqRSQISSoBAiYX3rZ1mMKyjQgVHtYEjwp2Q2xtkDyfvKDsf1sfa4G194pozseg82nT3n0i1m3ppSqfmdzMj6+T76reWhfrp61za0YbcdeVwDwkuENGEqXVMaO5NjxLahhdPv4ZGWHVvvERTPd5WSsxXNDRssFYTa87Vz6Cal36aUSsbxj8O/oBcWHJPqQd1iFFIiVA==&passphase=31353833323838363939323438313131\",\"timestamp\":\"December 22, 2022, 2:57:44 PM\"}","timestamp":"2022-12-22T08:57:44.195Z"}
{"level":"info","message":"{\"url\":\"/api/mobilecertificate?request=Yh0jnkBCjd29WlXggqRSQISSoBAiYX3rZ1mMKyjQgVHtYEjwp2Q2xtkDyfvKDsf1sfa4G194pozseg82nT3n0i1m3ppSqfmdzMj6+T76reWhfrp61za0YbcdeVwDwkuENGEqXVMaO5NjxLahhdPv4ZGWHVvvERTPd5WSsxXNDRssFYTa87Vz6Cal36aUSsbxj8O/oBcWHJPqQd1iFFIiVA==&passphase=31353833323838363939323438313131\",\"timestamp\":\"December 22, 2022, 2:57:44 PM\"}","timestamp":"2022-12-22T08:57:44.337Z"}
{"level":"info","message":"{\"url\":\"/api/mobilecertificate?request=Yh0jnkBCjd29WlXggqRSQISSoBAiYX3rZ1mMKyjQgVHtYEjwp2Q2xtkDyfvKDsf1sfa4G194pozseg82nT3n0i1m3ppSqfmdzMj6+T76reWhfrp61za0YbcdeVwDwkuENGEqXVMaO5NjxLahhdPv4ZGWHVvvERTPd5WSsxXNDRssFYTa87Vz6Cal36aUSsbxj8O/oBcWHJPqQd1iFFIiVA==&passphase=31353833323838363939323438313131\",\"timestamp\":\"December 22, 2022, 2:57:50 PM\"}","timestamp":"2022-12-22T08:57:50.219Z"}
{"level":"info","message":"{\"url\":\"/api/mobilecertificate?request=Yh0jnkBCjd29WlXggqRSQISSoBAiYX3rZ1mMKyjQgVHtYEjwp2Q2xtkDyfvKDsf1sfa4G194pozseg82nT3n0i1m3ppSqfmdzMj6+T76reWhfrp61za0YbcdeVwDwkuENGEqXVMaO5NjxLahhdPv4ZGWHVvvERTPd5WSsxXNDRssFYTa87Vz6Cal36aUSsbxj8O/oBcWHJPqQd1iFFIiVA==&passphase=31353833323838363939323438313131\",\"timestamp\":\"December 22, 2022, 2:57:53 PM\"}","timestamp":"2022-12-22T08:57:53.705Z"}
{"level":"info","message":"{\"url\":\"/api/mobilecertificate?request=Yh0jnkBCjd29WlXggqRSQISSoBAiYX3rZ1mMKyjQgVHtYEjwp2Q2xtkDyfvKDsf1sfa4G194pozseg82nT3n0i1m3ppSqfmdzMj6+T76reWhfrp61za0YbcdeVwDwkuENGEqXVMaO5NjxLahhdPv4ZGWHVvvERTPd5WSsxXNDRssFYTa87Vz6Cal36aUSsbxj8O/oBcWHJPqQd1iFFIiVA==&passphase=31353833323838363939323438313131\",\"timestamp\":\"December 22, 2022, 2:57:57 PM\"}","timestamp":"2022-12-22T08:57:57.804Z"}
{"level":"info","message":"{\"url\":\"/api/mobilecertificate?request=Yh0jnkBCjd29WlXggqRSQISSoBAiYX3rZ1mMKyjQgVHtYEjwp2Q2xtkDyfvKDsf1sfa4G194pozseg82nT3n0i1m3ppSqfmdzMj6+T76reWhfrp61za0YbcdeVwDwkuENGEqXVMaO5NjxLahhdPv4ZGWHVvvERTPd5WSsxXNDRssFYTa87Vz6Cal36aUSsbxj8O/oBcWHJPqQd1iFFIiVA==&passphase=31353833323838363939323438313131\",\"timestamp\":\"December 22, 2022, 2:58:03 PM\"}","timestamp":"2022-12-22T08:58:03.976Z"}
{"level":"info","message":"{\"url\":\"/api/mobilecertificate?request=Yh0jnkBCjd29WlXggqRSQISSoBAiYX3rZ1mMKyjQgVHtYEjwp2Q2xtkDyfvKDsf1sfa4G194pozseg82nT3n0i1m3ppSqfmdzMj6+T76reWhfrp61za0YbcdeVwDwkuENGEqXVMaO5NjxLahhdPv4ZGWHVvvERTPd5WSsxXNDRssFYTa87Vz6Cal36aUSsbxj8O/oBcWHJPqQd1iFFIiVA==&passphase=31353833323838363939323438313131\",\"timestamp\":\"December 22, 2022, 2:58:04 PM\"}","timestamp":"2022-12-22T08:58:04.201Z"}
{"level":"info","message":"{\"url\":\"/api/mobilecertificate?request=Yh0jnkBCjd29WlXggqRSQISSoBAiYX3rZ1mMKyjQgVHtYEjwp2Q2xtkDyfvKDsf1sfa4G194pozseg82nT3n0i1m3ppSqfmdzMj6+T76reWhfrp61za0YbcdeVwDwkuENGEqXVMaO5NjxLahhdPv4ZGWHVvvERTPd5WSsxXNDRssFYTa87Vz6Cal36aUSsbxj8O/oBcWHJPqQd1iFFIiVA==&passphase=31353833323838363939323438313131\",\"timestamp\":\"December 22, 2022, 2:58:09 PM\"}","timestamp":"2022-12-22T08:58:09.467Z"}
{"level":"info","message":"{\"url\":\"/api/mobilecertificate?request=Yh0jnkBCjd29WlXggqRSQISSoBAiYX3rZ1mMKyjQgVHtYEjwp2Q2xtkDyfvKDsf1sfa4G194pozseg82nT3n0i1m3ppSqfmdzMj6+T76reWhfrp61za0YbcdeVwDwkuENGEqXVMaO5NjxLahhdPv4ZGWHVvvERTPd5WSsxXNDRssFYTa87Vz6Cal36aUSsbxj8O/oBcWHJPqQd1iFFIiVA==&passphase=31353833323838363939323438313131\",\"timestamp\":\"December 22, 2022, 2:58:09 PM\"}","timestamp":"2022-12-22T08:58:09.652Z"}
{"level":"info","message":"{\"url\":\"/api/mobilecertificate?request=Yh0jnkBCjd29WlXggqRSQISSoBAiYX3rZ1mMKyjQgVHtYEjwp2Q2xtkDyfvKDsf1sfa4G194pozseg82nT3n0i1m3ppSqfmdzMj6+T76reWhfrp61za0YbcdeVwDwkuENGEqXVMaO5NjxLahhdPv4ZGWHVvvERTPd5WSsxXNDRssFYTa87Vz6Cal36aUSsbxj8O/oBcWHJPqQd1iFFIiVA==&passphase=31353833323838363939323438313131\",\"timestamp\":\"December 22, 2022, 2:58:15 PM\"}","timestamp":"2022-12-22T08:58:15.918Z"}
{"level":"info","message":"{\"username\":\"+8801679248713\",\"url\":\"/api/userprofile\",\"timestamp\":\"December 22, 2022, 3:55:00 PM\"}","timestamp":"2022-12-22T09:55:00.710Z"}
{"level":"info","message":"{\"username\":\"+8801679248713\",\"url\":\"/api/userprofile\",\"timestamp\":\"December 22, 2022, 3:55:03 PM\"}","timestamp":"2022-12-22T09:55:03.773Z"}
{"level":"info","message":"{\"username\":\"+8801679248713\",\"url\":\"/api/userprofile\",\"timestamp\":\"December 22, 2022, 3:55:03 PM\"}","timestamp":"2022-12-22T09:55:03.788Z"}
{"level":"info","message":"{\"username\":\"+8801679248713\",\"url\":\"/api/usercourses\",\"timestamp\":\"December 22, 2022, 3:55:05 PM\"}","timestamp":"2022-12-22T09:55:05.139Z"}
{"level":"info","message":"{\"username\":\"+8801679248713\",\"url\":\"/api/usercourses\",\"timestamp\":\"December 22, 2022, 3:55:05 PM\"}","timestamp":"2022-12-22T09:55:05.491Z"}
{"level":"info","message":"{\"username\":\"+8801679248713\",\"url\":\"/api/usercourses\",\"timestamp\":\"December 22, 2022, 3:58:35 PM\"}","timestamp":"2022-12-22T09:58:35.057Z"}
{"level":"info","message":"{\"username\":\"+8801679248713\",\"url\":\"/api/usercourses\",\"timestamp\":\"December 22, 2022, 3:58:35 PM\"}","timestamp":"2022-12-22T09:58:35.404Z"}
{"level":"info","message":"{\"username\":\"109616561789660928753\",\"url\":\"/api/userprofile\",\"timestamp\":\"December 22, 2022, 4:01:38 PM\"}","timestamp":"2022-12-22T10:01:38.065Z"}
{"level":"info","message":"{\"username\":\"109616561789660928753\",\"url\":\"/api/userprofile\",\"timestamp\":\"December 22, 2022, 4:05:59 PM\"}","timestamp":"2022-12-22T10:05:59.904Z"}
{"level":"info","message":"{\"username\":\"109616561789660928753\",\"url\":\"/api/usercourses\",\"timestamp\":\"December 22, 2022, 4:06:07 PM\"}","timestamp":"2022-12-22T10:06:07.330Z"}
{"level":"info","message":"{\"url\":\"/api/leaveamessage\",\"timestamp\":\"December 22, 2022, 4:47:32 PM\"}","timestamp":"2022-12-22T10:47:32.222Z"}
{"level":"info","message":"{\"username\":\"+8801679248713\",\"url\":\"/api/userprofile\",\"timestamp\":\"December 22, 2022, 5:09:07 PM\"}","timestamp":"2022-12-22T11:09:07.798Z"}
{"level":"info","message":"{\"username\":\"+8801679248713\",\"url\":\"/api/userprofile\",\"timestamp\":\"December 22, 2022, 5:14:39 PM\"}","timestamp":"2022-12-22T11:14:39.880Z"}
{"level":"info","message":"{\"username\":\"+8801515212628\",\"url\":\"/api/testingpoint\",\"timestamp\":\"December 22, 2022, 5:20:46 PM\"}","timestamp":"2022-12-22T11:20:46.733Z"}
{"level":"info","message":"{\"username\":\"+8801515212628\",\"url\":\"/api/userprofile\",\"timestamp\":\"December 22, 2022, 5:27:31 PM\"}","timestamp":"2022-12-22T11:27:31.838Z"}
{"level":"info","message":"{\"username\":\"+8801515212628\",\"url\":\"/api/userprofile\",\"timestamp\":\"December 22, 2022, 5:27:32 PM\"}","timestamp":"2022-12-22T11:27:32.024Z"}
{"level":"info","message":"{\"username\":\"+8801515212628\",\"url\":\"/api/usercourses\",\"timestamp\":\"December 22, 2022, 5:27:34 PM\"}","timestamp":"2022-12-22T11:27:34.411Z"}
{"level":"info","message":"{\"username\":\"+8801515212628\",\"url\":\"/api/usercourses\",\"timestamp\":\"December 22, 2022, 5:27:34 PM\"}","timestamp":"2022-12-22T11:27:34.416Z"}
{"level":"info","message":"{\"username\":\"+8801515212628\",\"url\":\"/api/certificate\",\"timestamp\":\"December 22, 2022, 5:27:36 PM\"}","timestamp":"2022-12-22T11:27:36.480Z"}
{"level":"info","message":"{\"username\":\"+8801515212628\",\"url\":\"/api/userprofile\",\"timestamp\":\"December 22, 2022, 5:29:17 PM\"}","timestamp":"2022-12-22T11:29:17.703Z"}
{"level":"info","message":"{\"username\":\"+8801515212628\",\"url\":\"/api/testingpoint\",\"timestamp\":\"December 22, 2022, 5:29:55 PM\"}","timestamp":"2022-12-22T11:29:55.042Z"}
{"level":"info","message":"{\"username\":\"+8801515212628\",\"url\":\"/api/userprofile\",\"timestamp\":\"December 22, 2022, 5:31:27 PM\"}","timestamp":"2022-12-22T11:31:27.155Z"}
{"level":"info","message":"{\"username\":\"+8801515212628\",\"url\":\"/api/userprofile\",\"timestamp\":\"December 22, 2022, 5:31:36 PM\"}","timestamp":"2022-12-22T11:31:36.944Z"}
{"level":"info","message":"{\"username\":\"+8801515212628\",\"url\":\"/api/userprofile\",\"timestamp\":\"December 22, 2022, 5:31:54 PM\"}","timestamp":"2022-12-22T11:31:54.242Z"}
{"level":"info","message":"{\"username\":\"+8801679248713\",\"url\":\"/api/userprofile\",\"timestamp\":\"December 22, 2022, 5:38:51 PM\"}","timestamp":"2022-12-22T11:38:51.071Z"}
{"level":"info","message":"{\"username\":\"+8801679248713\",\"url\":\"/api/userprofile\",\"timestamp\":\"December 22, 2022, 5:38:51 PM\"}","timestamp":"2022-12-22T11:38:51.092Z"}
{"level":"info","message":"{\"username\":\"109616561789660928753\",\"url\":\"/api/userprofile\",\"timestamp\":\"December 22, 2022, 5:41:39 PM\"}","timestamp":"2022-12-22T11:41:39.813Z"}
{"level":"info","message":"{\"username\":\"109616561789660928753\",\"url\":\"/api/usercourses\",\"timestamp\":\"December 22, 2022, 5:41:42 PM\"}","timestamp":"2022-12-22T11:41:42.719Z"}
{"level":"info","message":"{\"url\":\"/api/mobilecertificate?request=Yh0jnkBCjd29WlXggqRSQISSoBAiYX3rZ1mMKyjQgVHtYEjwp2Q2xtkDyfvKDsf1sfa4G194pozseg82nT3n0i1m3ppSqfmdzMj6+T76reWhfrp61za0YbcdeVwDwkuENGEqXVMaO5NjxLahhdPv4ZGWHVvvERTPd5WSsxXNDRssFYTa87Vz6Cal36aUSsbxj8O/oBcWHJPqQd1iFFIiVA==&passphase=31353833323838363939323438313131\",\"timestamp\":\"December 22, 2022, 5:41:45 PM\"}","timestamp":"2022-12-22T11:41:45.890Z"}
{"level":"info","message":"{\"url\":\"/api/mobilecertificate?request=Yh0jnkBCjd29WlXggqRSQISSoBAiYX3rZ1mMKyjQgVHtYEjwp2Q2xtkDyfvKDsf1sfa4G194pozseg82nT3n0i1m3ppSqfmdzMj6+T76reWhfrp61za0YbcdeVwDwkuENGEqXVMaO5NjxLahhdPv4ZGWHVvvERTPd5WSsxXNDRssFYTa87Vz6Cal36aUSsbxj8O/oBcWHJPqQd1iFFIiVA==&passphase=31353833323838363939323438313131\",\"timestamp\":\"December 22, 2022, 5:41:53 PM\"}","timestamp":"2022-12-22T11:41:53.724Z"}
{"level":"info","message":"{\"username\":\"+8801679248713\",\"url\":\"/api/usercourses\",\"timestamp\":\"December 22, 2022, 5:42:18 PM\"}","timestamp":"2022-12-22T11:42:18.375Z"}
{"level":"info","message":"{\"url\":\"/api/mobilecertificate?request=Yh0jnkBCjd29WlXggqRSQISSoBAiYX3rZ1mMKyjQgVHtYEjwp2Q2xtkDyfvKDsf1sfa4G194pozseg82nT3n0i1m3ppSqfmdzMj6+T76reWhfrp61za0YbcdeVwDwkuENGEqXVMaO5NjxLahhdPv4ZGWHVvvERTPd5WSsxXNDRssFYTa87Vz6Cal36aUSsbxj8O/oBcWHJPqQd1iFFIiVA==&passphase=31353833323838363939323438313131\",\"timestamp\":\"December 22, 2022, 5:42:22 PM\"}","timestamp":"2022-12-22T11:42:22.884Z"}
{"level":"info","message":"{\"username\":\"+8801515212628\",\"url\":\"/api/userprofile\",\"timestamp\":\"December 22, 2022, 5:47:17 PM\"}","timestamp":"2022-12-22T11:47:17.146Z"}
{"level":"info","message":"{\"username\":\"+8801515212628\",\"url\":\"/api/userprofile\",\"timestamp\":\"December 22, 2022, 5:47:17 PM\"}","timestamp":"2022-12-22T11:47:17.148Z"}
{"level":"info","message":"{\"username\":\"+8801515212628\",\"url\":\"/api/usercourses\",\"timestamp\":\"December 22, 2022, 5:47:18 PM\"}","timestamp":"2022-12-22T11:47:18.194Z"}
{"level":"info","message":"{\"username\":\"+8801515212628\",\"url\":\"/api/usercourses\",\"timestamp\":\"December 22, 2022, 5:47:18 PM\"}","timestamp":"2022-12-22T11:47:18.646Z"}
{"level":"info","message":"{\"username\":\"+8801515212628\",\"url\":\"/api/certificate\",\"timestamp\":\"December 22, 2022, 5:47:19 PM\"}","timestamp":"2022-12-22T11:47:19.470Z"}
{"level":"info","message":"{\"url\":\"/api/mobilecertificate?request=Yh0jnkBCjd29WlXggqRSQISSoBAiYX3rZ1mMKyjQgVHtYEjwp2Q2xtkDyfvKDsf1sfa4G194pozseg82nT3n0i1m3ppSqfmdzMj6+T76reWhfrp61za0YbcdeVwDwkuENGEqXVMaO5NjxLahhdPv4ZGWHVvvERTPd5WSsxXNDRssFYTa87Vz6Cal36aUSsbxj8O/oBcWHJPqQd1iFFIiVA==&passphase=31353833323838363939323438313131\",\"timestamp\":\"December 22, 2022, 5:48:52 PM\"}","timestamp":"2022-12-22T11:48:52.922Z"}
{"level":"info","message":"{\"url\":\"/api/mobilecertificate?request=Yh0jnkBCjd29WlXggqRSQISSoBAiYX3rZ1mMKyjQgVHtYEjwp2Q2xtkDyfvKDsf1sfa4G194pozseg82nT3n0i1m3ppSqfmdzMj6+T76reWhfrp61za0YbcdeVwDwkuENGEqXVMaO5NjxLahhdPv4ZGWHVvvERTPd5WSsxXNDRssFYTa87Vz6Cal36aUSsbxj8O/oBcWHJPqQd1iFFIiVA==&passphase=31353833323838363939323438313131\",\"timestamp\":\"December 22, 2022, 5:48:59 PM\"}","timestamp":"2022-12-22T11:48:59.921Z"}
{"level":"info","message":"{\"url\":\"/api/mobilecertificate?request=Yh0jnkBCjd29WlXggqRSQISSoBAiYX3rZ1mMKyjQgVHtYEjwp2Q2xtkDyfvKDsf1sfa4G194pozseg82nT3n0i1m3ppSqfmdzMj6+T76reWhfrp61za0YbcdeVwDwkuENGEqXVMaO5NjxLahhdPv4ZGWHVvvERTPd5WSsxXNDRssFYTa87Vz6Cal36aUSsbxj8O/oBcWHJPqQd1iFFIiVA==&passphase=31353833323838363939323438313131\",\"timestamp\":\"December 22, 2022, 5:49:03 PM\"}","timestamp":"2022-12-22T11:49:03.700Z"}
{"level":"info","message":"{\"url\":\"/api/mobilecertificate?request=Yh0jnkBCjd29WlXggqRSQISSoBAiYX3rZ1mMKyjQgVHtYEjwp2Q2xtkDyfvKDsf1sfa4G194pozseg82nT3n0i1m3ppSqfmdzMj6+T76reWhfrp61za0YbcdeVwDwkuENGEqXVMaO5NjxLahhdPv4ZGWHVvvERTPd5WSsxXNDRssFYTa87Vz6Cal36aUSsbxj8O/oBcWHJPqQd1iFFIiVA==&passphase=31353833323838363939323438313131\",\"timestamp\":\"December 22, 2022, 5:49:08 PM\"}","timestamp":"2022-12-22T11:49:08.760Z"}
{"level":"info","message":"{\"url\":\"/api/mobilecertificate?request=Yh0jnkBCjd29WlXggqRSQISSoBAiYX3rZ1mMKyjQgVHtYEjwp2Q2xtkDyfvKDsf1sfa4G194pozseg82nT3n0i1m3ppSqfmdzMj6+T76reWhfrp61za0YbcdeVwDwkuENGEqXVMaO5NjxLahhdPv4ZGWHVvvERTPd5WSsxXNDRssFYTa87Vz6Cal36aUSsbxj8O/oBcWHJPqQd1iFFIiVA==&passphase=31353833323838363939323438313131\",\"timestamp\":\"December 22, 2022, 5:49:23 PM\"}","timestamp":"2022-12-22T11:49:23.433Z"}
{"level":"info","message":"{\"url\":\"/api/mobilecertificate?request=Yh0jnkBCjd29WlXggqRSQISSoBAiYX3rZ1mMKyjQgVHtYEjwp2Q2xtkDyfvKDsf1sfa4G194pozseg82nT3n0i1m3ppSqfmdzMj6+T76reWhfrp61za0YbcdeVwDwkuENGEqXVMaO5NjxLahhdPv4ZGWHVvvERTPd5WSsxXNDRssFYTa87Vz6Cal36aUSsbxj8O/oBcWHJPqQd1iFFIiVA==&passphase=31353833323838363939323438313131\",\"timestamp\":\"December 22, 2022, 5:50:41 PM\"}","timestamp":"2022-12-22T11:50:41.553Z"}
{"level":"info","message":"{\"url\":\"/api/mobilecertificate?request=Yh0jnkBCjd29WlXggqRSQISSoBAiYX3rZ1mMKyjQgVHtYEjwp2Q2xtkDyfvKDsf1sfa4G194pozseg82nT3n0i1m3ppSqfmdzMj6+T76reWhfrp61za0YbcdeVwDwkuENGEqXVMaO5NjxLahhdPv4ZGWHVvvERTPd5WSsxXNDRssFYTa87Vz6Cal36aUSsbxj8O/oBcWHJPqQd1iFFIiVA==&passphase=31353833323838363939323438313131\",\"timestamp\":\"December 22, 2022, 5:50:50 PM\"}","timestamp":"2022-12-22T11:50:50.258Z"}
{"level":"info","message":"{\"url\":\"/api/mobilecertificate?request=Yh0jnkBCjd29WlXggqRSQISSoBAiYX3rZ1mMKyjQgVHtYEjwp2Q2xtkDyfvKDsf1sfa4G194pozseg82nT3n0i1m3ppSqfmdzMj6+T76reWhfrp61za0YbcdeVwDwkuENGEqXVMaO5NjxLahhdPv4ZGWHVvvERTPd5WSsxXNDRssFYTa87Vz6Cal36aUSsbxj8O/oBcWHJPqQd1iFFIiVA==&passphase=31353833323838363939323438313131\",\"timestamp\":\"December 22, 2022, 5:51:56 PM\"}","timestamp":"2022-12-22T11:51:56.548Z"}
{"level":"info","message":"{\"url\":\"/api/mobilecertificate?request=Yh0jnkBCjd29WlXggqRSQISSoBAiYX3rZ1mMKyjQgVHtYEjwp2Q2xtkDyfvKDsf1sfa4G194pozseg82nT3n0i1m3ppSqfmdzMj6+T76reWhfrp61za0YbcdeVwDwkuENGEqXVMaO5NjxLahhdPv4ZGWHVvvERTPd5WSsxXNDRssFYTa87Vz6Cal36aUSsbxj8O/oBcWHJPqQd1iFFIiVA==&passphase=31353833323838363939323438313131\",\"timestamp\":\"December 22, 2022, 5:52:01 PM\"}","timestamp":"2022-12-22T11:52:01.171Z"}
{"level":"info","message":"{\"url\":\"/api/mobilecertificate?request=Yh0jnkBCjd29WlXggqRSQISSoBAiYX3rZ1mMKyjQgVHtYEjwp2Q2xtkDyfvKDsf1sfa4G194pozseg82nT3n0i1m3ppSqfmdzMj6+T76reWhfrp61za0YbcdeVwDwkuENGEqXVMaO5NjxLahhdPv4ZGWHVvvERTPd5WSsxXNDRssFYTa87Vz6Cal36aUSsbxj8O/oBcWHJPqQd1iFFIiVA==&passphase=31353833323838363939323438313131\",\"timestamp\":\"December 22, 2022, 5:52:04 PM\"}","timestamp":"2022-12-22T11:52:04.837Z"}
